#
# A fatal error has been detected by the Java Runtime Environment:
#
#  EXCEPTION_ACCESS_VIOLATION (0xc0000005) at pc=0x000001ffec7b94ab, pid=6424, tid=9184
#
# JRE version: Java(TM) SE Runtime Environment (15.0.1+9) (build 15.0.1+9-18)
# Java VM: Java HotSpot(TM) 64-Bit Server VM (15.0.1+9-18, mixed mode, sharing, tiered, compressed oops, g1 gc, windows-amd64)
# Problematic frame:
# j  core.basesyntax.MyHashMap.putValue(ILjava/lang/Object;Ljava/lang/Object;)V+124
#
# No core dump will be written. Minidumps are not enabled by default on client versions of Windows
#
# If you would like to submit a bug report, please visit:
#   https://bugreport.java.com/bugreport/crash.jsp
#

---------------  S U M M A R Y ------------

Command Line: -agentlib:jdwp=transport=dt_socket,address=127.0.0.1:64287,suspend=y,server=n -ea -Didea.test.cyclic.buffer.size=1048576 -javaagent:C:\Users\Fedich\AppData\Local\JetBrains\IdeaIC2020.3\captureAgent\debugger-agent.jar -Dfile.encoding=UTF-8 com.intellij.rt.junit.JUnitStarter -ideVersion5 -junit4 core.basesyntax.MyHashMapTest,getSizeWithCollisionAtZeroPosition

Host: Intel(R) Core(TM) i3-6100 CPU @ 3.70GHz, 4 cores, 7G,  Windows 10 , 64 bit Build 19041 (10.0.19041.662)
Time: Mon Dec 14 23:37:50 2020 FLE Standard Time elapsed time: 1840.008061 seconds (0d 0h 30m 40s)

---------------  T H R E A D  ---------------

Current thread (0x000001ffe4555400):  JavaThread "main" [_thread_in_Java, id=9184, stack(0x0000008e2b200000,0x0000008e2b300000)]

Stack: [0x0000008e2b200000,0x0000008e2b300000],  sp=0x0000008e2b2fe4d0,  free space=1017k
Native frames: (J=compiled Java code, j=interpreted, Vv=VM code, C=native code)
C  0x000001ffec7b94ab


siginfo: EXCEPTION_ACCESS_VIOLATION (0xc0000005), reading address 0x000001fffee97348


Register to memory mapping:

RIP=0x000001ffec7b94ab is at code_begin+75 in an Interpreter codelet
getfield  180 getfield  [0x000001ffec7b9460, 0x000001ffec7ba780]  4896 bytes
RAX=0x0 is NULL
RBX=0x00000000000000b4 is an unknown value
RCX=0x000001fffed2e808 is pointing into metadata
RDX=0x000000000002d164 is an unknown value
RSP=0x0000008e2b2fe4d0 is pointing into the stack for thread: 0x000001ffe4555400
RBP=0x0000008e2b2fe518 is pointing into the stack for thread: 0x000001ffe4555400
RSI=0x0 is NULL
RDI=0x000000000000c0d0 is an unknown value
R8 =0x0 is NULL
R9 =0x00000000000000d3 is an unknown value
R10=0x00007ff922eb3a10 jvm.dll
R11=0x000001fff42610a0 is at entry_point+32 in (nmethod*)0x000001fff4260f10
R12=0x0 is NULL
R13=0x000001fffed266a7 is pointing into metadata
R14=0x0000008e2b2fe568 is pointing into the stack for thread: 0x000001ffe4555400
R15=0x000001ffe4555400 is a thread


Registers:
RAX=0x0000000000000000, RBX=0x00000000000000b4, RCX=0x000001fffed2e808, RDX=0x000000000002d164
RSP=0x0000008e2b2fe4d0, RBP=0x0000008e2b2fe518, RSI=0x0000000000000000, RDI=0x000000000000c0d0
R8 =0x0000000000000000, R9 =0x00000000000000d3, R10=0x00007ff922eb3a10, R11=0x000001fff42610a0
R12=0x0000000000000000, R13=0x000001fffed266a7, R14=0x0000008e2b2fe568, R15=0x000001ffe4555400
RIP=0x000001ffec7b94ab, EFLAGS=0x0000000000010202

Top of Stack: (sp=0x0000008e2b2fe4d0)
0x0000008e2b2fe4d0:   0000008e2b2fe4d0 000001fffed26694
0x0000008e2b2fe4e0:   0000008e2b2fe568 000001fffed2e808
0x0000008e2b2fe4f0:   0000000000000000 00000000888fb248
0x0000008e2b2fe500:   000001fffed2d418 0000000000000000
0x0000008e2b2fe510:   0000008e2b2fe550 0000008e2b2fe5b8
0x0000008e2b2fe520:   000001ffec79cda0 0000000088724c88
0x0000008e2b2fe530:   0000000000000000 0000000000000000
0x0000008e2b2fe540:   0000000000000000 0000000088724c38
0x0000008e2b2fe550:   0000000088d1e600 0000000088724ca8
0x0000008e2b2fe560:   0000000000000000 00000000888fb358
0x0000008e2b2fe570:   0000008e2b2fe570 000001fffed2c0f8
0x0000008e2b2fe580:   0000008e2b2fe5d8 000001fffed2e808
0x0000008e2b2fe590:   0000000000000000 00000000888fb248
0x0000008e2b2fe5a0:   000001fffed2d290 0000008e2b2fe550
0x0000008e2b2fe5b0:   0000008e2b2fe5c8 0000008e2b2fe628
0x0000008e2b2fe5c0:   000001ffec79cea7 0000000088d1e600 

Instructions: (pc=0x000001ffec7b94ab)
0x000001ffec7b93ab:   8b 04 24 48 83 c4 08 66 89 04 19 e9 5d 00 00 00
0x000001ffec7b93bb:   83 f8 03 0f 85 10 00 00 00 8b 04 24 48 83 c4 08
0x000001ffec7b93cb:   66 89 04 19 e9 44 00 00 00 83 f8 05 0f 85 11 00
0x000001ffec7b93db:   00 00 48 8b 04 24 48 83 c4 10 48 89 04 19 e9 2a
0x000001ffec7b93eb:   00 00 00 83 f8 06 0f 85 13 00 00 00 c5 fa 10 04
0x000001ffec7b93fb:   24 48 83 c4 08 c5 fa 11 04 19 e9 0e 00 00 00 c5
0x000001ffec7b940b:   fb 10 04 24 48 83 c4 10 c5 fb 11 04 19 41 0f b6
0x000001ffec7b941b:   5d 03 49 83 c5 03 49 ba 10 3a eb 22 f9 7f 00 00
0x000001ffec7b942b:   41 ff 24 da 90 00 00 00 00 00 00 00 00 00 00 00
0x000001ffec7b943b:   00 00 00 00 00 40 13 00 00 00 00 00 00 d0 2d c5
0x000001ffec7b944b:   22 f9 7f 00 00 b4 00 00 00 00 00 00 00 00 00 00
0x000001ffec7b945b:   00 00 00 00 00 50 e9 39 00 00 00 48 83 ec 08 c5
0x000001ffec7b946b:   fa 11 04 24 e9 2b 00 00 00 48 83 ec 10 c5 fb 11
0x000001ffec7b947b:   04 24 e9 1d 00 00 00 48 83 ec 10 48 89 04 24 49
0x000001ffec7b948b:   ba 00 00 00 00 00 00 00 00 4c 89 54 24 08 e9 01
0x000001ffec7b949b:   00 00 00 50 41 0f b7 55 01 48 8b 4d d0 c1 e2 02
0x000001ffec7b94ab:   8b 5c d1 20 c1 eb 10 81 e3 ff 00 00 00 81 fb b4
0x000001ffec7b94bb:   00 00 00 0f 84 8a 01 00 00 bb b4 00 00 00 e8 05
0x000001ffec7b94cb:   00 00 00 e9 6f 01 00 00 48 8b d3 48 8d 44 24 08
0x000001ffec7b94db:   4c 89 6d c0 49 8b cf c5 f8 77 49 89 af 18 03 00
0x000001ffec7b94eb:   00 49 89 87 08 03 00 00 48 83 ec 20 f7 c4 0f 00
0x000001ffec7b94fb:   00 00 0f 84 1a 00 00 00 48 83 ec 08 49 ba 30 cd
0x000001ffec7b950b:   74 22 f9 7f 00 00 41 ff d2 48 83 c4 08 e9 0d 00
0x000001ffec7b951b:   00 00 49 ba 30 cd 74 22 f9 7f 00 00 41 ff d2 48
0x000001ffec7b952b:   83 c4 20 49 ba 00 00 00 00 00 00 00 00 4d 89 97
0x000001ffec7b953b:   08 03 00 00 49 ba 00 00 00 00 00 00 00 00 4d 89
0x000001ffec7b954b:   97 18 03 00 00 49 ba 00 00 00 00 00 00 00 00 4d
0x000001ffec7b955b:   89 97 10 03 00 00 c5 f8 77 41 8b 8f 2c 04 00 00
0x000001ffec7b956b:   f7 c1 01 00 00 00 0f 84 49 00 00 00 f7 c1 02 00
0x000001ffec7b957b:   00 00 0f 85 3d 00 00 00 48 83 ec 20 f7 c4 0f 00
0x000001ffec7b958b:   00 00 0f 84 1a 00 00 00 48 83 ec 08 49 ba b0 6a
0x000001ffec7b959b:   74 22 f9 7f 00 00 41 ff d2 48 83 c4 08 e9 0d 00 


Stack slot to memory mapping:
stack at sp + 0 slots: 0x0000008e2b2fe4d0 is pointing into the stack for thread: 0x000001ffe4555400
stack at sp + 1 slots: 0x000001fffed26694 is pointing into metadata
stack at sp + 2 slots: 0x0000008e2b2fe568 is pointing into the stack for thread: 0x000001ffe4555400
stack at sp + 3 slots: 0x000001fffed2e808 is pointing into metadata
stack at sp + 4 slots: 0x0 is NULL
stack at sp + 5 slots: 0x00000000888fb248 is an oop: java.lang.Class 
{0x00000000888fb248} - klass: 'java/lang/Class'
stack at sp + 6 slots: {method} {0x000001fffed2d420} 'putValue' '(ILjava/lang/Object;Ljava/lang/Object;)V' in 'core/basesyntax/MyHashMap'
stack at sp + 7 slots: 0x0 is NULL

getfield  180 getfield  [0x000001ffec7b9460, 0x000001ffec7ba780]  4896 bytes
[MachCode]
  0x000001ffec7b9460: 50e9 3900 | 0000 4883 | ec08 c5fa | 1104 24e9 | 2b00 0000 | 4883 ec10 | c5fb 1104 | 24e9 1d00 
  0x000001ffec7b9480: 0000 4883 | ec10 4889 | 0424 49ba | 0000 0000 | 0000 0000 | 4c89 5424 | 08e9 0100 | 0000 5041 
  0x000001ffec7b94a0: 0fb7 5501 | 488b 4dd0 | c1e2 028b | 5cd1 20c1 | eb10 81e3 | ff00 0000 | 81fb b400 | 0000 0f84 
  0x000001ffec7b94c0: 8a01 0000 | bbb4 0000 | 00e8 0500 | 0000 e96f | 0100 0048 | 8bd3 488d | 4424 084c | 896d c049 
  0x000001ffec7b94e0: 8bcf c5f8 | 7749 89af | 1803 0000 | 4989 8708 | 0300 0048 | 83ec 20f7 | c40f 0000 | 000f 841a 
  0x000001ffec7b9500: 0000 0048 | 83ec 0849 | ba30 cd74 | 22f9 7f00 | 0041 ffd2 | 4883 c408 | e90d 0000 | 0049 ba30 
  0x000001ffec7b9520: cd74 22f9 | 7f00 0041 | ffd2 4883 | c420 49ba | 0000 0000 | 0000 0000 | 4d89 9708 | 0300 0049 
  0x000001ffec7b9540: ba00 0000 | 0000 0000 | 004d 8997 | 1803 0000 | 49ba 0000 | 0000 0000 | 0000 4d89 | 9710 0300 
  0x000001ffec7b9560: 00c5 f877 | 418b 8f2c | 0400 00f7 | c101 0000 | 000f 8449 | 0000 00f7 | c102 0000 | 000f 853d 
  0x000001ffec7b9580: 0000 0048 | 83ec 20f7 | c40f 0000 | 000f 841a | 0000 0048 | 83ec 0849 | bab0 6a74 | 22f9 7f00 
  0x000001ffec7b95a0: 0041 ffd2 | 4883 c408 | e90d 0000 | 0049 bab0 | 6a74 22f9 | 7f00 0041 | ffd2 4883 | c420 ffe0 
  0x000001ffec7b95c0: 498b 8f80 | 0400 0048 | 85c9 0f84 | 5600 0000 | 8b49 7c83 | f901 0f85 | 4a00 0000 | 498b 8f80 
  0x000001ffec7b95e0: 0400 008b | 8980 0000 | 0048 83ec | 20f7 c40f | 0000 000f | 841a 0000 | 0048 83ec | 0849 baa0 
  0x000001ffec7b9600: 6a74 22f9 | 7f00 0041 | ffd2 4883 | c408 e90d | 0000 0049 | baa0 6a74 | 22f9 7f00 | 0041 ffd2 
  0x000001ffec7b9620: 4883 c420 | ffe0 4981 | 7f08 0000 | 0000 0f84 | 0500 0000 | e947 78fd | ff4c 8b6d | c04c 8b75 
  0x000001ffec7b9640: c8c3 410f | b755 0148 | 8b4d d0c1 | e202 49ba | 8076 e822 | f97f 0000 | 418b 0285 | c00f 8494 
  0x000001ffec7b9660: 0100 0048 | 83c1 20c1 | e203 4803 | ca58 50e8 | 0500 0000 | e972 0100 | 004c 8bc1 | 488b d048 
  0x000001ffec7b9680: 8d44 2408 | 4c89 6dc0 | 498b cfc5 | f877 4989 | af18 0300 | 0049 8987 | 0803 0000 | 4883 ec20 
  0x000001ffec7b96a0: f7c4 0f00 | 0000 0f84 | 1a00 0000 | 4883 ec08 | 49ba e0bf | 7422 f97f | 0000 41ff | d248 83c4 
  0x000001ffec7b96c0: 08e9 0d00 | 0000 49ba | e0bf 7422 | f97f 0000 | 41ff d248 | 83c4 2049 | ba00 0000 | 0000 0000 
  0x000001ffec7b96e0: 004d 8997 | 0803 0000 | 49ba 0000 | 0000 0000 | 0000 4d89 | 9718 0300 | 0049 ba00 | 0000 0000 
  0x000001ffec7b9700: 0000 004d | 8997 1003 | 0000 c5f8 | 7741 8b8f | 2c04 0000 | f7c1 0100 | 0000 0f84 | 4900 0000 
  0x000001ffec7b9720: f7c1 0200 | 0000 0f85 | 3d00 0000 | 4883 ec20 | f7c4 0f00 | 0000 0f84 | 1a00 0000 | 4883 ec08 
  0x000001ffec7b9740: 49ba b06a | 7422 f97f | 0000 41ff | d248 83c4 | 08e9 0d00 | 0000 49ba | b06a 7422 | f97f 0000 
  0x000001ffec7b9760: 41ff d248 | 83c4 20ff | e049 8b8f | 8004 0000 | 4885 c90f | 8456 0000 | 008b 497c | 83f9 010f 
  0x000001ffec7b9780: 854a 0000 | 0049 8b8f | 8004 0000 | 8b89 8000 | 0000 4883 | ec20 f7c4 | 0f00 0000 | 0f84 1a00 
  0x000001ffec7b97a0: 0000 4883 | ec08 49ba | a06a 7422 | f97f 0000 | 41ff d248 | 83c4 08e9 | 0d00 0000 | 49ba a06a 
  0x000001ffec7b97c0: 7422 f97f | 0000 41ff | d248 83c4 | 20ff e049 | 817f 0800 | 0000 000f | 8405 0000 | 00e9 9e76 
  0x000001ffec7b97e0: fdff 4c8b | 6dc0 4c8b | 75c8 c341 | 0fb7 5501 | 488b 4dd0 | c1e2 0248 | 8b5c d130 | 8b44 d138 
  0x000001ffec7b9800: 4159 493b | 01c1 e81c | 83e0 0f0f | 85a8 0100 | 0041 0fbe | 0419 5041 | b9cc 0000 | 0041 0fb6 
  0x000001ffec7b9820: 5d00 81fb | ca00 0000 | 0f85 8201 | 0000 488b | 5de8 e805 | 0000 00e9 | 7201 0000 | 4d8b c548 
  0x000001ffec7b9840: 8bd3 488d | 4424 084c | 896d c049 | 8bcf c5f8 | 7749 89af | 1803 0000 | 4989 8708 | 0300 0048 
  0x000001ffec7b9860: 83ec 20f7 | c40f 0000 | 000f 841a | 0000 0048 | 83ec 0849 | baf0 dc74 | 22f9 7f00 | 0041 ffd2 
  0x000001ffec7b9880: 4883 c408 | e90d 0000 | 0049 baf0 | dc74 22f9 | 7f00 0041 | ffd2 4883 | c420 49ba | 0000 0000 
  0x000001ffec7b98a0: 0000 0000 | 4d89 9708 | 0300 0049 | ba00 0000 | 0000 0000 | 004d 8997 | 1803 0000 | 49ba 0000 
  0x000001ffec7b98c0: 0000 0000 | 0000 4d89 | 9710 0300 | 00c5 f877 | 418b 8f2c | 0400 00f7 | c101 0000 | 000f 8449 
  0x000001ffec7b98e0: 0000 00f7 | c102 0000 | 000f 853d | 0000 0048 | 83ec 20f7 | c40f 0000 | 000f 841a | 0000 0048 
  0x000001ffec7b9900: 83ec 0849 | bab0 6a74 | 22f9 7f00 | 0041 ffd2 | 4883 c408 | e90d 0000 | 0049 bab0 | 6a74 22f9 
  0x000001ffec7b9920: 7f00 0041 | ffd2 4883 | c420 ffe0 | 498b 8f80 | 0400 0048 | 85c9 0f84 | 5600 0000 | 8b49 7c83 
  0x000001ffec7b9940: f901 0f85 | 4a00 0000 | 498b 8f80 | 0400 008b | 8980 0000 | 0048 83ec | 20f7 c40f | 0000 000f 
  0x000001ffec7b9960: 841a 0000 | 0048 83ec | 0849 baa0 | 6a74 22f9 | 7f00 0041 | ffd2 4883 | c408 e90d | 0000 0049 
  0x000001ffec7b9980: baa0 6a74 | 22f9 7f00 | 0041 ffd2 | 4883 c420 | ffe0 4981 | 7f08 0000 | 0000 0f84 | 0500 0000 
  0x000001ffec7b99a0: e9db 74fd | ff4c 8b6d | c04c 8b75 | c8c3 eb04 | 4588 4d00 | e99f 0d00 | 0083 f801 | 0f85 a801 
  0x000001ffec7b99c0: 0000 410f | b604 1950 | 41b9 cc00 | 0000 410f | b65d 0081 | fbca 0000 | 000f 8582 | 0100 0048 
  0x000001ffec7b99e0: 8b5d e8e8 | 0500 0000 | e972 0100 | 004d 8bc5 | 488b d348 | 8d44 2408 | 4c89 6dc0 | 498b cfc5 
  0x000001ffec7b9a00: f877 4989 | af18 0300 | 0049 8987 | 0803 0000 | 4883 ec20 | f7c4 0f00 | 0000 0f84 | 1a00 0000 
  0x000001ffec7b9a20: 4883 ec08 | 49ba f0dc | 7422 f97f | 0000 41ff | d248 83c4 | 08e9 0d00 | 0000 49ba | f0dc 7422 
  0x000001ffec7b9a40: f97f 0000 | 41ff d248 | 83c4 2049 | ba00 0000 | 0000 0000 | 004d 8997 | 0803 0000 | 49ba 0000 
  0x000001ffec7b9a60: 0000 0000 | 0000 4d89 | 9718 0300 | 0049 ba00 | 0000 0000 | 0000 004d | 8997 1003 | 0000 c5f8 
  0x000001ffec7b9a80: 7741 8b8f | 2c04 0000 | f7c1 0100 | 0000 0f84 | 4900 0000 | f7c1 0200 | 0000 0f85 | 3d00 0000 
  0x000001ffec7b9aa0: 4883 ec20 | f7c4 0f00 | 0000 0f84 | 1a00 0000 | 4883 ec08 | 49ba b06a | 7422 f97f | 0000 41ff 
  0x000001ffec7b9ac0: d248 83c4 | 08e9 0d00 | 0000 49ba | b06a 7422 | f97f 0000 | 41ff d248 | 83c4 20ff | e049 8b8f 
  0x000001ffec7b9ae0: 8004 0000 | 4885 c90f | 8456 0000 | 008b 497c | 83f9 010f | 854a 0000 | 0049 8b8f | 8004 0000 
  0x000001ffec7b9b00: 8b89 8000 | 0000 4883 | ec20 f7c4 | 0f00 0000 | 0f84 1a00 | 0000 4883 | ec08 49ba | a06a 7422 
  0x000001ffec7b9b20: f97f 0000 | 41ff d248 | 83c4 08e9 | 0d00 0000 | 49ba a06a | 7422 f97f | 0000 41ff | d248 83c4 
  0x000001ffec7b9b40: 20ff e049 | 817f 0800 | 0000 000f | 8405 0000 | 00e9 2a73 | fdff 4c8b | 6dc0 4c8b | 75c8 c3eb 
  0x000001ffec7b9b60: 0445 884d | 00e9 ee0b | 0000 83f8 | 080f 85a7 | 0100 0041 | 8b04 1950 | 41b9 cb00 | 0000 410f 
  0x000001ffec7b9b80: b65d 0081 | fbca 0000 | 000f 8582 | 0100 0048 | 8b5d e8e8 | 0500 0000 | e972 0100 | 004d 8bc5 
  0x000001ffec7b9ba0: 488b d348 | 8d44 2408 | 4c89 6dc0 | 498b cfc5 | f877 4989 | af18 0300 | 0049 8987 | 0803 0000 
  0x000001ffec7b9bc0: 4883 ec20 | f7c4 0f00 | 0000 0f84 | 1a00 0000 | 4883 ec08 | 49ba f0dc | 7422 f97f | 0000 41ff 
  0x000001ffec7b9be0: d248 83c4 | 08e9 0d00 | 0000 49ba | f0dc 7422 | f97f 0000 | 41ff d248 | 83c4 2049 | ba00 0000 
  0x000001ffec7b9c00: 0000 0000 | 004d 8997 | 0803 0000 | 49ba 0000 | 0000 0000 | 0000 4d89 | 9718 0300 | 0049 ba00 
  0x000001ffec7b9c20: 0000 0000 | 0000 004d | 8997 1003 | 0000 c5f8 | 7741 8b8f | 2c04 0000 | f7c1 0100 | 0000 0f84 
  0x000001ffec7b9c40: 4900 0000 | f7c1 0200 | 0000 0f85 | 3d00 0000 | 4883 ec20 | f7c4 0f00 | 0000 0f84 | 1a00 0000 
  0x000001ffec7b9c60: 4883 ec08 | 49ba b06a | 7422 f97f | 0000 41ff | d248 83c4 | 08e9 0d00 | 0000 49ba | b06a 7422 
  0x000001ffec7b9c80: f97f 0000 | 41ff d248 | 83c4 20ff | e049 8b8f | 8004 0000 | 4885 c90f | 8456 0000 | 008b 497c 
  0x000001ffec7b9ca0: 83f9 010f | 854a 0000 | 0049 8b8f | 8004 0000 | 8b89 8000 | 0000 4883 | ec20 f7c4 | 0f00 0000 
  0x000001ffec7b9cc0: 0f84 1a00 | 0000 4883 | ec08 49ba | a06a 7422 | f97f 0000 | 41ff d248 | 83c4 08e9 | 0d00 0000 
  0x000001ffec7b9ce0: 49ba a06a | 7422 f97f | 0000 41ff | d248 83c4 | 20ff e049 | 817f 0800 | 0000 000f | 8405 0000 
  0x000001ffec7b9d00: 00e9 7a71 | fdff 4c8b | 6dc0 4c8b | 75c8 c3eb | 0445 884d | 00e9 3e0a | 0000 83f8 | 040f 85a7 
  0x000001ffec7b9d20: 0100 0041 | 8b04 1950 | 41b9 d000 | 0000 410f | b65d 0081 | fbca 0000 | 000f 8582 | 0100 0048 
  0x000001ffec7b9d40: 8b5d e8e8 | 0500 0000 | e972 0100 | 004d 8bc5 | 488b d348 | 8d44 2408 | 4c89 6dc0 | 498b cfc5 
  0x000001ffec7b9d60: f877 4989 | af18 0300 | 0049 8987 | 0803 0000 | 4883 ec20 | f7c4 0f00 | 0000 0f84 | 1a00 0000 
  0x000001ffec7b9d80: 4883 ec08 | 49ba f0dc | 7422 f97f | 0000 41ff | d248 83c4 | 08e9 0d00 | 0000 49ba | f0dc 7422 
  0x000001ffec7b9da0: f97f 0000 | 41ff d248 | 83c4 2049 | ba00 0000 | 0000 0000 | 004d 8997 | 0803 0000 | 49ba 0000 
  0x000001ffec7b9dc0: 0000 0000 | 0000 4d89 | 9718 0300 | 0049 ba00 | 0000 0000 | 0000 004d | 8997 1003 | 0000 c5f8 
  0x000001ffec7b9de0: 7741 8b8f | 2c04 0000 | f7c1 0100 | 0000 0f84 | 4900 0000 | f7c1 0200 | 0000 0f85 | 3d00 0000 
  0x000001ffec7b9e00: 4883 ec20 | f7c4 0f00 | 0000 0f84 | 1a00 0000 | 4883 ec08 | 49ba b06a | 7422 f97f | 0000 41ff 
  0x000001ffec7b9e20: d248 83c4 | 08e9 0d00 | 0000 49ba | b06a 7422 | f97f 0000 | 41ff d248 | 83c4 20ff | e049 8b8f 
  0x000001ffec7b9e40: 8004 0000 | 4885 c90f | 8456 0000 | 008b 497c | 83f9 010f | 854a 0000 | 0049 8b8f | 8004 0000 
  0x000001ffec7b9e60: 8b89 8000 | 0000 4883 | ec20 f7c4 | 0f00 0000 | 0f84 1a00 | 0000 4883 | ec08 49ba | a06a 7422 
  0x000001ffec7b9e80: f97f 0000 | 41ff d248 | 83c4 08e9 | 0d00 0000 | 49ba a06a | 7422 f97f | 0000 41ff | d248 83c4 
  0x000001ffec7b9ea0: 20ff e049 | 817f 0800 | 0000 000f | 8405 0000 | 00e9 ca6f | fdff 4c8b | 6dc0 4c8b | 75c8 c3eb 
  0x000001ffec7b9ec0: 0445 884d | 00e9 8e08 | 0000 83f8 | 020f 85a8 | 0100 0041 | 0fb7 0419 | 5041 b9cd | 0000 0041 
  0x000001ffec7b9ee0: 0fb6 5d00 | 81fb ca00 | 0000 0f85 | 8201 0000 | 488b 5de8 | e805 0000 | 00e9 7201 | 0000 4d8b 
  0x000001ffec7b9f00: c548 8bd3 | 488d 4424 | 084c 896d | c049 8bcf | c5f8 7749 | 89af 1803 | 0000 4989 | 8708 0300 
  0x000001ffec7b9f20: 0048 83ec | 20f7 c40f | 0000 000f | 841a 0000 | 0048 83ec | 0849 baf0 | dc74 22f9 | 7f00 0041 
  0x000001ffec7b9f40: ffd2 4883 | c408 e90d | 0000 0049 | baf0 dc74 | 22f9 7f00 | 0041 ffd2 | 4883 c420 | 49ba 0000 
  0x000001ffec7b9f60: 0000 0000 | 0000 4d89 | 9708 0300 | 0049 ba00 | 0000 0000 | 0000 004d | 8997 1803 | 0000 49ba 
  0x000001ffec7b9f80: 0000 0000 | 0000 0000 | 4d89 9710 | 0300 00c5 | f877 418b | 8f2c 0400 | 00f7 c101 | 0000 000f 
  0x000001ffec7b9fa0: 8449 0000 | 00f7 c102 | 0000 000f | 853d 0000 | 0048 83ec | 20f7 c40f | 0000 000f | 841a 0000 
  0x000001ffec7b9fc0: 0048 83ec | 0849 bab0 | 6a74 22f9 | 7f00 0041 | ffd2 4883 | c408 e90d | 0000 0049 | bab0 6a74 
  0x000001ffec7b9fe0: 22f9 7f00 | 0041 ffd2 | 4883 c420 | ffe0 498b | 8f80 0400 | 0048 85c9 | 0f84 5600 | 0000 8b49 
  0x000001ffec7ba000: 7c83 f901 | 0f85 4a00 | 0000 498b | 8f80 0400 | 008b 8980 | 0000 0048 | 83ec 20f7 | c40f 0000 
  0x000001ffec7ba020: 000f 841a | 0000 0048 | 83ec 0849 | baa0 6a74 | 22f9 7f00 | 0041 ffd2 | 4883 c408 | e90d 0000 
  0x000001ffec7ba040: 0049 baa0 | 6a74 22f9 | 7f00 0041 | ffd2 4883 | c420 ffe0 | 4981 7f08 | 0000 0000 | 0f84 0500 
  0x000001ffec7ba060: 0000 e919 | 6efd ff4c | 8b6d c04c | 8b75 c8c3 | eb04 4588 | 4d00 e9dd | 0600 0083 | f803 0f85 
  0x000001ffec7ba080: a801 0000 | 410f bf04 | 1950 41b9 | d200 0000 | 410f b65d | 0081 fbca | 0000 000f | 8582 0100 
  0x000001ffec7ba0a0: 0048 8b5d | e8e8 0500 | 0000 e972 | 0100 004d | 8bc5 488b | d348 8d44 | 2408 4c89 | 6dc0 498b 
  0x000001ffec7ba0c0: cfc5 f877 | 4989 af18 | 0300 0049 | 8987 0803 | 0000 4883 | ec20 f7c4 | 0f00 0000 | 0f84 1a00 
  0x000001ffec7ba0e0: 0000 4883 | ec08 49ba | f0dc 7422 | f97f 0000 | 41ff d248 | 83c4 08e9 | 0d00 0000 | 49ba f0dc 
  0x000001ffec7ba100: 7422 f97f | 0000 41ff | d248 83c4 | 2049 ba00 | 0000 0000 | 0000 004d | 8997 0803 | 0000 49ba 
  0x000001ffec7ba120: 0000 0000 | 0000 0000 | 4d89 9718 | 0300 0049 | ba00 0000 | 0000 0000 | 004d 8997 | 1003 0000 
  0x000001ffec7ba140: c5f8 7741 | 8b8f 2c04 | 0000 f7c1 | 0100 0000 | 0f84 4900 | 0000 f7c1 | 0200 0000 | 0f85 3d00 
  0x000001ffec7ba160: 0000 4883 | ec20 f7c4 | 0f00 0000 | 0f84 1a00 | 0000 4883 | ec08 49ba | b06a 7422 | f97f 0000 
  0x000001ffec7ba180: 41ff d248 | 83c4 08e9 | 0d00 0000 | 49ba b06a | 7422 f97f | 0000 41ff | d248 83c4 | 20ff e049 
  0x000001ffec7ba1a0: 8b8f 8004 | 0000 4885 | c90f 8456 | 0000 008b | 497c 83f9 | 010f 854a | 0000 0049 | 8b8f 8004 
  0x000001ffec7ba1c0: 0000 8b89 | 8000 0000 | 4883 ec20 | f7c4 0f00 | 0000 0f84 | 1a00 0000 | 4883 ec08 | 49ba a06a 
  0x000001ffec7ba1e0: 7422 f97f | 0000 41ff | d248 83c4 | 08e9 0d00 | 0000 49ba | a06a 7422 | f97f 0000 | 41ff d248 
  0x000001ffec7ba200: 83c4 20ff | e049 817f | 0800 0000 | 000f 8405 | 0000 00e9 | 686c fdff | 4c8b 6dc0 | 4c8b 75c8 
  0x000001ffec7ba220: c3eb 0445 | 884d 00e9 | 2c05 0000 | 83f8 050f | 85bd 0100 | 0049 8b04 | 1948 83ec | 1048 8904 
  0x000001ffec7ba240: 2449 ba00 | 0000 0000 | 0000 004c | 8954 2408 | 41b9 d100 | 0000 410f | b65d 0081 | fbca 0000 
  0x000001ffec7ba260: 000f 8582 | 0100 0048 | 8b5d e8e8 | 0500 0000 | e972 0100 | 004d 8bc5 | 488b d348 | 8d44 2408 
  0x000001ffec7ba280: 4c89 6dc0 | 498b cfc5 | f877 4989 | af18 0300 | 0049 8987 | 0803 0000 | 4883 ec20 | f7c4 0f00 
  0x000001ffec7ba2a0: 0000 0f84 | 1a00 0000 | 4883 ec08 | 49ba f0dc | 7422 f97f | 0000 41ff | d248 83c4 | 08e9 0d00 
  0x000001ffec7ba2c0: 0000 49ba | f0dc 7422 | f97f 0000 | 41ff d248 | 83c4 2049 | ba00 0000 | 0000 0000 | 004d 8997 
  0x000001ffec7ba2e0: 0803 0000 | 49ba 0000 | 0000 0000 | 0000 4d89 | 9718 0300 | 0049 ba00 | 0000 0000 | 0000 004d 
  0x000001ffec7ba300: 8997 1003 | 0000 c5f8 | 7741 8b8f | 2c04 0000 | f7c1 0100 | 0000 0f84 | 4900 0000 | f7c1 0200 
  0x000001ffec7ba320: 0000 0f85 | 3d00 0000 | 4883 ec20 | f7c4 0f00 | 0000 0f84 | 1a00 0000 | 4883 ec08 | 49ba b06a 
  0x000001ffec7ba340: 7422 f97f | 0000 41ff | d248 83c4 | 08e9 0d00 | 0000 49ba | b06a 7422 | f97f 0000 | 41ff d248 
  0x000001ffec7ba360: 83c4 20ff | e049 8b8f | 8004 0000 | 4885 c90f | 8456 0000 | 008b 497c | 83f9 010f | 854a 0000 
  0x000001ffec7ba380: 0049 8b8f | 8004 0000 | 8b89 8000 | 0000 4883 | ec20 f7c4 | 0f00 0000 | 0f84 1a00 | 0000 4883 
  0x000001ffec7ba3a0: ec08 49ba | a06a 7422 | f97f 0000 | 41ff d248 | 83c4 08e9 | 0d00 0000 | 49ba a06a | 7422 f97f 
  0x000001ffec7ba3c0: 0000 41ff | d248 83c4 | 20ff e049 | 817f 0800 | 0000 000f | 8405 0000 | 00e9 a26a | fdff 4c8b 
  0x000001ffec7ba3e0: 6dc0 4c8b | 75c8 c3eb | 0445 884d | 00e9 6603 | 0000 83f8 | 060f 85b1 | 0100 00c4 | c17a 1004 
  0x000001ffec7ba400: 1948 83ec | 08c5 fa11 | 0424 41b9 | cf00 0000 | 410f b65d | 0081 fbca | 0000 000f | 8582 0100 
  0x000001ffec7ba420: 0048 8b5d | e8e8 0500 | 0000 e972 | 0100 004d | 8bc5 488b | d348 8d44 | 2408 4c89 | 6dc0 498b 
  0x000001ffec7ba440: cfc5 f877 | 4989 af18 | 0300 0049 | 8987 0803 | 0000 4883 | ec20 f7c4 | 0f00 0000 | 0f84 1a00 
  0x000001ffec7ba460: 0000 4883 | ec08 49ba | f0dc 7422 | f97f 0000 | 41ff d248 | 83c4 08e9 | 0d00 0000 | 49ba f0dc 
  0x000001ffec7ba480: 7422 f97f | 0000 41ff | d248 83c4 | 2049 ba00 | 0000 0000 | 0000 004d | 8997 0803 | 0000 49ba 
  0x000001ffec7ba4a0: 0000 0000 | 0000 0000 | 4d89 9718 | 0300 0049 | ba00 0000 | 0000 0000 | 004d 8997 | 1003 0000 
  0x000001ffec7ba4c0: c5f8 7741 | 8b8f 2c04 | 0000 f7c1 | 0100 0000 | 0f84 4900 | 0000 f7c1 | 0200 0000 | 0f85 3d00 
  0x000001ffec7ba4e0: 0000 4883 | ec20 f7c4 | 0f00 0000 | 0f84 1a00 | 0000 4883 | ec08 49ba | b06a 7422 | f97f 0000 
  0x000001ffec7ba500: 41ff d248 | 83c4 08e9 | 0d00 0000 | 49ba b06a | 7422 f97f | 0000 41ff | d248 83c4 | 20ff e049 
  0x000001ffec7ba520: 8b8f 8004 | 0000 4885 | c90f 8456 | 0000 008b | 497c 83f9 | 010f 854a | 0000 0049 | 8b8f 8004 
  0x000001ffec7ba540: 0000 8b89 | 8000 0000 | 4883 ec20 | f7c4 0f00 | 0000 0f84 | 1a00 0000 | 4883 ec08 | 49ba a06a 
  0x000001ffec7ba560: 7422 f97f | 0000 41ff | d248 83c4 | 08e9 0d00 | 0000 49ba | a06a 7422 | f97f 0000 | 41ff d248 
  0x000001ffec7ba580: 83c4 20ff | e049 817f | 0800 0000 | 000f 8405 | 0000 00e9 | e868 fdff | 4c8b 6dc0 | 4c8b 75c8 
  0x000001ffec7ba5a0: c3eb 0445 | 884d 00e9 | ac01 0000 | c4c1 7b10 | 0419 4883 | ec10 c5fb | 1104 2441 | b9ce 0000 
  0x000001ffec7ba5c0: 0041 0fb6 | 5d00 81fb | ca00 0000 | 0f85 8201 | 0000 488b | 5de8 e805 | 0000 00e9 | 7201 0000 
  0x000001ffec7ba5e0: 4d8b c548 | 8bd3 488d | 4424 084c | 896d c049 | 8bcf c5f8 | 7749 89af | 1803 0000 | 4989 8708 
  0x000001ffec7ba600: 0300 0048 | 83ec 20f7 | c40f 0000 | 000f 841a | 0000 0048 | 83ec 0849 | baf0 dc74 | 22f9 7f00 
  0x000001ffec7ba620: 0041 ffd2 | 4883 c408 | e90d 0000 | 0049 baf0 | dc74 22f9 | 7f00 0041 | ffd2 4883 | c420 49ba 
  0x000001ffec7ba640: 0000 0000 | 0000 0000 | 4d89 9708 | 0300 0049 | ba00 0000 | 0000 0000 | 004d 8997 | 1803 0000 
  0x000001ffec7ba660: 49ba 0000 | 0000 0000 | 0000 4d89 | 9710 0300 | 00c5 f877 | 418b 8f2c | 0400 00f7 | c101 0000 
  0x000001ffec7ba680: 000f 8449 | 0000 00f7 | c102 0000 | 000f 853d | 0000 0048 | 83ec 20f7 | c40f 0000 | 000f 841a 
  0x000001ffec7ba6a0: 0000 0048 | 83ec 0849 | bab0 6a74 | 22f9 7f00 | 0041 ffd2 | 4883 c408 | e90d 0000 | 0049 bab0 
  0x000001ffec7ba6c0: 6a74 22f9 | 7f00 0041 | ffd2 4883 | c420 ffe0 | 498b 8f80 | 0400 0048 | 85c9 0f84 | 5600 0000 
  0x000001ffec7ba6e0: 8b49 7c83 | f901 0f85 | 4a00 0000 | 498b 8f80 | 0400 008b | 8980 0000 | 0048 83ec | 20f7 c40f 
  0x000001ffec7ba700: 0000 000f | 841a 0000 | 0048 83ec | 0849 baa0 | 6a74 22f9 | 7f00 0041 | ffd2 4883 | c408 e90d 
  0x000001ffec7ba720: 0000 0049 | baa0 6a74 | 22f9 7f00 | 0041 ffd2 | 4883 c420 | ffe0 4981 | 7f08 0000 | 0000 0f84 
  0x000001ffec7ba740: 0500 0000 | e937 67fd | ff4c 8b6d | c04c 8b75 | c8c3 eb04 | 4588 4d00 | 410f b65d | 0349 83c5 
  0x000001ffec7ba760: 0349 ba10 | 3aeb 22f9 | 7f00 0041 | ff24 da90 | 0000 0000 | 0000 0000 | 0000 0000 | 0000 0000 
[/MachCode]

---------------  P R O C E S S  ---------------

Threads class SMR info:
_java_thread_list=0x000001ffff3566f0, length=13, elements={
0x000001ffe4555400, 0x000001fffe80d220, 0x000001fffe80e590, 0x000001fffe8277f0,
0x000001fffe82a1c0, 0x000001fffe82ac70, 0x000001fffe82ca60, 0x000001fffe88e4c0,
0x000001fffe88eac0, 0x000001ffe462d980, 0x000001ffff3d6910, 0x000001ffff39fee0,
0x000001ffff564aa0
}

Java Threads: ( => current thread )
=>0x000001ffe4555400 JavaThread "main" [_thread_in_Java, id=9184, stack(0x0000008e2b200000,0x0000008e2b300000)]
  0x000001fffe80d220 JavaThread "Reference Handler" daemon [_thread_blocked, id=10860, stack(0x0000008e2b900000,0x0000008e2ba00000)]
  0x000001fffe80e590 JavaThread "Finalizer" daemon [_thread_blocked, id=5496, stack(0x0000008e2ba00000,0x0000008e2bb00000)]
  0x000001fffe8277f0 JavaThread "Signal Dispatcher" daemon [_thread_blocked, id=11200, stack(0x0000008e2bb00000,0x0000008e2bc00000)]
  0x000001fffe82a1c0 JavaThread "Attach Listener" daemon [_thread_blocked, id=4556, stack(0x0000008e2bc00000,0x0000008e2bd00000)]
  0x000001fffe82ac70 JavaThread "Service Thread" daemon [_thread_blocked, id=1192, stack(0x0000008e2bd00000,0x0000008e2be00000)]
  0x000001fffe82ca60 JavaThread "C2 CompilerThread0" daemon [_thread_blocked, id=11724, stack(0x0000008e2be00000,0x0000008e2bf00000)]
  0x000001fffe88e4c0 JavaThread "C1 CompilerThread0" daemon [_thread_blocked, id=8452, stack(0x0000008e2bf00000,0x0000008e2c000000)]
  0x000001fffe88eac0 JavaThread "Sweeper thread" daemon [_thread_blocked, id=10684, stack(0x0000008e2c000000,0x0000008e2c100000)]
  0x000001ffe462d980 JavaThread "Common-Cleaner" daemon [_thread_blocked, id=11752, stack(0x0000008e2c100000,0x0000008e2c200000)]
  0x000001ffff3d6910 JavaThread "JDWP Event Helper Thread" daemon [_thread_blocked, id=9660, stack(0x0000008e2c300000,0x0000008e2c400000)]
  0x000001ffff39fee0 JavaThread "Notification Thread" daemon [_thread_blocked, id=1136, stack(0x0000008e2c500000,0x0000008e2c600000)]
  0x000001ffff564aa0 JavaThread "SIGINT handler" daemon [_thread_blocked, id=7720, stack(0x0000008e2af00000,0x0000008e2b000000)]

Other Threads:
  0x000001fffe80a2c0 VMThread "VM Thread" [stack: 0x0000008e2b800000,0x0000008e2b900000] [id=11352]
  0x000001ffff3de4f0 WatcherThread [stack: 0x0000008e2c600000,0x0000008e2c700000] [id=3832]
  0x000001ffe4593320 GCTaskThread "GC Thread#0" [stack: 0x0000008e2b300000,0x0000008e2b400000] [id=9596]
  0x000001ffe45a5340 ConcurrentGCThread "G1 Main Marker" [stack: 0x0000008e2b400000,0x0000008e2b500000] [id=1540]
  0x000001ffe45a5f30 ConcurrentGCThread "G1 Conc#0" [stack: 0x0000008e2b500000,0x0000008e2b600000] [id=6296]
  0x000001ffe461c470 ConcurrentGCThread "G1 Refine#0" [stack: 0x0000008e2b600000,0x0000008e2b700000] [id=6764]
  0x000001ffe461e820 ConcurrentGCThread "G1 Young RemSet Sampling" [stack: 0x0000008e2b700000,0x0000008e2b800000] [id=12032]

Threads with active compile tasks:

VM state: not at safepoint (normal execution)

VM Mutex/Monitor currently owned by a thread: None

Heap address: 0x0000000080e00000, size: 2034 MB, Compressed Oops mode: 32-bit
CDS archive(s) mapped at: [0x0000000800000000-0x0000000800b50000-0x0000000800b50000), size 11862016, SharedBaseAddress: 0x0000000800000000, ArchiveRelocationMode: 0.
Compressed class space mapped at: 0x0000000800b50000-0x0000000840b50000, size: 1073741824
Narrow klass base: 0x0000000800000000, Narrow klass shift: 3, Narrow klass range: 0x100000000

GC Precious Log:
 CPUs: 4 total, 4 available
 Memory: 8129M
 Large Page Support: Disabled
 NUMA Support: Disabled
 Compressed Oops: Enabled (32-bit)
 Heap Region Size: 1M
 Heap Min Capacity: 8M
 Heap Initial Capacity: 128M
 Heap Max Capacity: 2034M
 Pre-touch: Disabled
 Parallel Workers: 4
 Concurrent Workers: 1
 Concurrent Refinement Workers: 4
 Periodic GC: Disabled

Heap:
 garbage-first heap   total 131072K, used 6144K [0x0000000080e00000, 0x0000000100000000)
  region size 1024K, 7 young (7168K), 0 survivors (0K)
 Metaspace       used 2159K, capacity 5203K, committed 5376K, reserved 1056768K
  class space    used 233K, capacity 499K, committed 512K, reserved 1048576K

Heap Regions: E=young(eden), S=young(survivor), O=old, HS=humongous(starts), HC=humongous(continues), CS=collection set, F=free, OA=open archive, CA=closed archive, TAMS=top-at-mark-start (previous, next)
|   0|0x0000000080e00000, 0x0000000080e00000, 0x0000000080f00000|  0%| F|  |TAMS 0x0000000080e00000, 0x0000000080e00000| Untracked 
|   1|0x0000000080f00000, 0x0000000080f00000, 0x0000000081000000|  0%| F|  |TAMS 0x0000000080f00000, 0x0000000080f00000| Untracked 
|   2|0x0000000081000000, 0x0000000081000000, 0x0000000081100000|  0%| F|  |TAMS 0x0000000081000000, 0x0000000081000000| Untracked 
|   3|0x0000000081100000, 0x0000000081100000, 0x0000000081200000|  0%| F|  |TAMS 0x0000000081100000, 0x0000000081100000| Untracked 
|   4|0x0000000081200000, 0x0000000081200000, 0x0000000081300000|  0%| F|  |TAMS 0x0000000081200000, 0x0000000081200000| Untracked 
|   5|0x0000000081300000, 0x0000000081300000, 0x0000000081400000|  0%| F|  |TAMS 0x0000000081300000, 0x0000000081300000| Untracked 
|   6|0x0000000081400000, 0x0000000081400000, 0x0000000081500000|  0%| F|  |TAMS 0x0000000081400000, 0x0000000081400000| Untracked 
|   7|0x0000000081500000, 0x0000000081500000, 0x0000000081600000|  0%| F|  |TAMS 0x0000000081500000, 0x0000000081500000| Untracked 
|   8|0x0000000081600000, 0x0000000081600000, 0x0000000081700000|  0%| F|  |TAMS 0x0000000081600000, 0x0000000081600000| Untracked 
|   9|0x0000000081700000, 0x0000000081700000, 0x0000000081800000|  0%| F|  |TAMS 0x0000000081700000, 0x0000000081700000| Untracked 
|  10|0x0000000081800000, 0x0000000081800000, 0x0000000081900000|  0%| F|  |TAMS 0x0000000081800000, 0x0000000081800000| Untracked 
|  11|0x0000000081900000, 0x0000000081900000, 0x0000000081a00000|  0%| F|  |TAMS 0x0000000081900000, 0x0000000081900000| Untracked 
|  12|0x0000000081a00000, 0x0000000081a00000, 0x0000000081b00000|  0%| F|  |TAMS 0x0000000081a00000, 0x0000000081a00000| Untracked 
|  13|0x0000000081b00000, 0x0000000081b00000, 0x0000000081c00000|  0%| F|  |TAMS 0x0000000081b00000, 0x0000000081b00000| Untracked 
|  14|0x0000000081c00000, 0x0000000081c00000, 0x0000000081d00000|  0%| F|  |TAMS 0x0000000081c00000, 0x0000000081c00000| Untracked 
|  15|0x0000000081d00000, 0x0000000081d00000, 0x0000000081e00000|  0%| F|  |TAMS 0x0000000081d00000, 0x0000000081d00000| Untracked 
|  16|0x0000000081e00000, 0x0000000081e00000, 0x0000000081f00000|  0%| F|  |TAMS 0x0000000081e00000, 0x0000000081e00000| Untracked 
|  17|0x0000000081f00000, 0x0000000081f00000, 0x0000000082000000|  0%| F|  |TAMS 0x0000000081f00000, 0x0000000081f00000| Untracked 
|  18|0x0000000082000000, 0x0000000082000000, 0x0000000082100000|  0%| F|  |TAMS 0x0000000082000000, 0x0000000082000000| Untracked 
|  19|0x0000000082100000, 0x0000000082100000, 0x0000000082200000|  0%| F|  |TAMS 0x0000000082100000, 0x0000000082100000| Untracked 
|  20|0x0000000082200000, 0x0000000082200000, 0x0000000082300000|  0%| F|  |TAMS 0x0000000082200000, 0x0000000082200000| Untracked 
|  21|0x0000000082300000, 0x0000000082300000, 0x0000000082400000|  0%| F|  |TAMS 0x0000000082300000, 0x0000000082300000| Untracked 
|  22|0x0000000082400000, 0x0000000082400000, 0x0000000082500000|  0%| F|  |TAMS 0x0000000082400000, 0x0000000082400000| Untracked 
|  23|0x0000000082500000, 0x0000000082500000, 0x0000000082600000|  0%| F|  |TAMS 0x0000000082500000, 0x0000000082500000| Untracked 
|  24|0x0000000082600000, 0x0000000082600000, 0x0000000082700000|  0%| F|  |TAMS 0x0000000082600000, 0x0000000082600000| Untracked 
|  25|0x0000000082700000, 0x0000000082700000, 0x0000000082800000|  0%| F|  |TAMS 0x0000000082700000, 0x0000000082700000| Untracked 
|  26|0x0000000082800000, 0x0000000082800000, 0x0000000082900000|  0%| F|  |TAMS 0x0000000082800000, 0x0000000082800000| Untracked 
|  27|0x0000000082900000, 0x0000000082900000, 0x0000000082a00000|  0%| F|  |TAMS 0x0000000082900000, 0x0000000082900000| Untracked 
|  28|0x0000000082a00000, 0x0000000082a00000, 0x0000000082b00000|  0%| F|  |TAMS 0x0000000082a00000, 0x0000000082a00000| Untracked 
|  29|0x0000000082b00000, 0x0000000082b00000, 0x0000000082c00000|  0%| F|  |TAMS 0x0000000082b00000, 0x0000000082b00000| Untracked 
|  30|0x0000000082c00000, 0x0000000082c00000, 0x0000000082d00000|  0%| F|  |TAMS 0x0000000082c00000, 0x0000000082c00000| Untracked 
|  31|0x0000000082d00000, 0x0000000082d00000, 0x0000000082e00000|  0%| F|  |TAMS 0x0000000082d00000, 0x0000000082d00000| Untracked 
|  32|0x0000000082e00000, 0x0000000082e00000, 0x0000000082f00000|  0%| F|  |TAMS 0x0000000082e00000, 0x0000000082e00000| Untracked 
|  33|0x0000000082f00000, 0x0000000082f00000, 0x0000000083000000|  0%| F|  |TAMS 0x0000000082f00000, 0x0000000082f00000| Untracked 
|  34|0x0000000083000000, 0x0000000083000000, 0x0000000083100000|  0%| F|  |TAMS 0x0000000083000000, 0x0000000083000000| Untracked 
|  35|0x0000000083100000, 0x0000000083100000, 0x0000000083200000|  0%| F|  |TAMS 0x0000000083100000, 0x0000000083100000| Untracked 
|  36|0x0000000083200000, 0x0000000083200000, 0x0000000083300000|  0%| F|  |TAMS 0x0000000083200000, 0x0000000083200000| Untracked 
|  37|0x0000000083300000, 0x0000000083300000, 0x0000000083400000|  0%| F|  |TAMS 0x0000000083300000, 0x0000000083300000| Untracked 
|  38|0x0000000083400000, 0x0000000083400000, 0x0000000083500000|  0%| F|  |TAMS 0x0000000083400000, 0x0000000083400000| Untracked 
|  39|0x0000000083500000, 0x0000000083500000, 0x0000000083600000|  0%| F|  |TAMS 0x0000000083500000, 0x0000000083500000| Untracked 
|  40|0x0000000083600000, 0x0000000083600000, 0x0000000083700000|  0%| F|  |TAMS 0x0000000083600000, 0x0000000083600000| Untracked 
|  41|0x0000000083700000, 0x0000000083700000, 0x0000000083800000|  0%| F|  |TAMS 0x0000000083700000, 0x0000000083700000| Untracked 
|  42|0x0000000083800000, 0x0000000083800000, 0x0000000083900000|  0%| F|  |TAMS 0x0000000083800000, 0x0000000083800000| Untracked 
|  43|0x0000000083900000, 0x0000000083900000, 0x0000000083a00000|  0%| F|  |TAMS 0x0000000083900000, 0x0000000083900000| Untracked 
|  44|0x0000000083a00000, 0x0000000083a00000, 0x0000000083b00000|  0%| F|  |TAMS 0x0000000083a00000, 0x0000000083a00000| Untracked 
|  45|0x0000000083b00000, 0x0000000083b00000, 0x0000000083c00000|  0%| F|  |TAMS 0x0000000083b00000, 0x0000000083b00000| Untracked 
|  46|0x0000000083c00000, 0x0000000083c00000, 0x0000000083d00000|  0%| F|  |TAMS 0x0000000083c00000, 0x0000000083c00000| Untracked 
|  47|0x0000000083d00000, 0x0000000083d00000, 0x0000000083e00000|  0%| F|  |TAMS 0x0000000083d00000, 0x0000000083d00000| Untracked 
|  48|0x0000000083e00000, 0x0000000083e00000, 0x0000000083f00000|  0%| F|  |TAMS 0x0000000083e00000, 0x0000000083e00000| Untracked 
|  49|0x0000000083f00000, 0x0000000083f00000, 0x0000000084000000|  0%| F|  |TAMS 0x0000000083f00000, 0x0000000083f00000| Untracked 
|  50|0x0000000084000000, 0x0000000084000000, 0x0000000084100000|  0%| F|  |TAMS 0x0000000084000000, 0x0000000084000000| Untracked 
|  51|0x0000000084100000, 0x0000000084100000, 0x0000000084200000|  0%| F|  |TAMS 0x0000000084100000, 0x0000000084100000| Untracked 
|  52|0x0000000084200000, 0x0000000084200000, 0x0000000084300000|  0%| F|  |TAMS 0x0000000084200000, 0x0000000084200000| Untracked 
|  53|0x0000000084300000, 0x0000000084300000, 0x0000000084400000|  0%| F|  |TAMS 0x0000000084300000, 0x0000000084300000| Untracked 
|  54|0x0000000084400000, 0x0000000084400000, 0x0000000084500000|  0%| F|  |TAMS 0x0000000084400000, 0x0000000084400000| Untracked 
|  55|0x0000000084500000, 0x0000000084500000, 0x0000000084600000|  0%| F|  |TAMS 0x0000000084500000, 0x0000000084500000| Untracked 
|  56|0x0000000084600000, 0x0000000084600000, 0x0000000084700000|  0%| F|  |TAMS 0x0000000084600000, 0x0000000084600000| Untracked 
|  57|0x0000000084700000, 0x0000000084700000, 0x0000000084800000|  0%| F|  |TAMS 0x0000000084700000, 0x0000000084700000| Untracked 
|  58|0x0000000084800000, 0x0000000084800000, 0x0000000084900000|  0%| F|  |TAMS 0x0000000084800000, 0x0000000084800000| Untracked 
|  59|0x0000000084900000, 0x0000000084900000, 0x0000000084a00000|  0%| F|  |TAMS 0x0000000084900000, 0x0000000084900000| Untracked 
|  60|0x0000000084a00000, 0x0000000084a00000, 0x0000000084b00000|  0%| F|  |TAMS 0x0000000084a00000, 0x0000000084a00000| Untracked 
|  61|0x0000000084b00000, 0x0000000084b00000, 0x0000000084c00000|  0%| F|  |TAMS 0x0000000084b00000, 0x0000000084b00000| Untracked 
|  62|0x0000000084c00000, 0x0000000084c00000, 0x0000000084d00000|  0%| F|  |TAMS 0x0000000084c00000, 0x0000000084c00000| Untracked 
|  63|0x0000000084d00000, 0x0000000084d00000, 0x0000000084e00000|  0%| F|  |TAMS 0x0000000084d00000, 0x0000000084d00000| Untracked 
|  64|0x0000000084e00000, 0x0000000084e00000, 0x0000000084f00000|  0%| F|  |TAMS 0x0000000084e00000, 0x0000000084e00000| Untracked 
|  65|0x0000000084f00000, 0x0000000084f00000, 0x0000000085000000|  0%| F|  |TAMS 0x0000000084f00000, 0x0000000084f00000| Untracked 
|  66|0x0000000085000000, 0x0000000085000000, 0x0000000085100000|  0%| F|  |TAMS 0x0000000085000000, 0x0000000085000000| Untracked 
|  67|0x0000000085100000, 0x0000000085100000, 0x0000000085200000|  0%| F|  |TAMS 0x0000000085100000, 0x0000000085100000| Untracked 
|  68|0x0000000085200000, 0x0000000085200000, 0x0000000085300000|  0%| F|  |TAMS 0x0000000085200000, 0x0000000085200000| Untracked 
|  69|0x0000000085300000, 0x0000000085300000, 0x0000000085400000|  0%| F|  |TAMS 0x0000000085300000, 0x0000000085300000| Untracked 
|  70|0x0000000085400000, 0x0000000085400000, 0x0000000085500000|  0%| F|  |TAMS 0x0000000085400000, 0x0000000085400000| Untracked 
|  71|0x0000000085500000, 0x0000000085500000, 0x0000000085600000|  0%| F|  |TAMS 0x0000000085500000, 0x0000000085500000| Untracked 
|  72|0x0000000085600000, 0x0000000085600000, 0x0000000085700000|  0%| F|  |TAMS 0x0000000085600000, 0x0000000085600000| Untracked 
|  73|0x0000000085700000, 0x0000000085700000, 0x0000000085800000|  0%| F|  |TAMS 0x0000000085700000, 0x0000000085700000| Untracked 
|  74|0x0000000085800000, 0x0000000085800000, 0x0000000085900000|  0%| F|  |TAMS 0x0000000085800000, 0x0000000085800000| Untracked 
|  75|0x0000000085900000, 0x0000000085900000, 0x0000000085a00000|  0%| F|  |TAMS 0x0000000085900000, 0x0000000085900000| Untracked 
|  76|0x0000000085a00000, 0x0000000085a00000, 0x0000000085b00000|  0%| F|  |TAMS 0x0000000085a00000, 0x0000000085a00000| Untracked 
|  77|0x0000000085b00000, 0x0000000085b00000, 0x0000000085c00000|  0%| F|  |TAMS 0x0000000085b00000, 0x0000000085b00000| Untracked 
|  78|0x0000000085c00000, 0x0000000085c00000, 0x0000000085d00000|  0%| F|  |TAMS 0x0000000085c00000, 0x0000000085c00000| Untracked 
|  79|0x0000000085d00000, 0x0000000085d00000, 0x0000000085e00000|  0%| F|  |TAMS 0x0000000085d00000, 0x0000000085d00000| Untracked 
|  80|0x0000000085e00000, 0x0000000085e00000, 0x0000000085f00000|  0%| F|  |TAMS 0x0000000085e00000, 0x0000000085e00000| Untracked 
|  81|0x0000000085f00000, 0x0000000085f00000, 0x0000000086000000|  0%| F|  |TAMS 0x0000000085f00000, 0x0000000085f00000| Untracked 
|  82|0x0000000086000000, 0x0000000086000000, 0x0000000086100000|  0%| F|  |TAMS 0x0000000086000000, 0x0000000086000000| Untracked 
|  83|0x0000000086100000, 0x0000000086100000, 0x0000000086200000|  0%| F|  |TAMS 0x0000000086100000, 0x0000000086100000| Untracked 
|  84|0x0000000086200000, 0x0000000086200000, 0x0000000086300000|  0%| F|  |TAMS 0x0000000086200000, 0x0000000086200000| Untracked 
|  85|0x0000000086300000, 0x0000000086300000, 0x0000000086400000|  0%| F|  |TAMS 0x0000000086300000, 0x0000000086300000| Untracked 
|  86|0x0000000086400000, 0x0000000086400000, 0x0000000086500000|  0%| F|  |TAMS 0x0000000086400000, 0x0000000086400000| Untracked 
|  87|0x0000000086500000, 0x0000000086500000, 0x0000000086600000|  0%| F|  |TAMS 0x0000000086500000, 0x0000000086500000| Untracked 
|  88|0x0000000086600000, 0x0000000086600000, 0x0000000086700000|  0%| F|  |TAMS 0x0000000086600000, 0x0000000086600000| Untracked 
|  89|0x0000000086700000, 0x0000000086700000, 0x0000000086800000|  0%| F|  |TAMS 0x0000000086700000, 0x0000000086700000| Untracked 
|  90|0x0000000086800000, 0x0000000086800000, 0x0000000086900000|  0%| F|  |TAMS 0x0000000086800000, 0x0000000086800000| Untracked 
|  91|0x0000000086900000, 0x0000000086900000, 0x0000000086a00000|  0%| F|  |TAMS 0x0000000086900000, 0x0000000086900000| Untracked 
|  92|0x0000000086a00000, 0x0000000086a00000, 0x0000000086b00000|  0%| F|  |TAMS 0x0000000086a00000, 0x0000000086a00000| Untracked 
|  93|0x0000000086b00000, 0x0000000086b00000, 0x0000000086c00000|  0%| F|  |TAMS 0x0000000086b00000, 0x0000000086b00000| Untracked 
|  94|0x0000000086c00000, 0x0000000086c00000, 0x0000000086d00000|  0%| F|  |TAMS 0x0000000086c00000, 0x0000000086c00000| Untracked 
|  95|0x0000000086d00000, 0x0000000086d00000, 0x0000000086e00000|  0%| F|  |TAMS 0x0000000086d00000, 0x0000000086d00000| Untracked 
|  96|0x0000000086e00000, 0x0000000086e00000, 0x0000000086f00000|  0%| F|  |TAMS 0x0000000086e00000, 0x0000000086e00000| Untracked 
|  97|0x0000000086f00000, 0x0000000086f00000, 0x0000000087000000|  0%| F|  |TAMS 0x0000000086f00000, 0x0000000086f00000| Untracked 
|  98|0x0000000087000000, 0x0000000087000000, 0x0000000087100000|  0%| F|  |TAMS 0x0000000087000000, 0x0000000087000000| Untracked 
|  99|0x0000000087100000, 0x0000000087100000, 0x0000000087200000|  0%| F|  |TAMS 0x0000000087100000, 0x0000000087100000| Untracked 
| 100|0x0000000087200000, 0x0000000087200000, 0x0000000087300000|  0%| F|  |TAMS 0x0000000087200000, 0x0000000087200000| Untracked 
| 101|0x0000000087300000, 0x0000000087300000, 0x0000000087400000|  0%| F|  |TAMS 0x0000000087300000, 0x0000000087300000| Untracked 
| 102|0x0000000087400000, 0x0000000087400000, 0x0000000087500000|  0%| F|  |TAMS 0x0000000087400000, 0x0000000087400000| Untracked 
| 103|0x0000000087500000, 0x0000000087500000, 0x0000000087600000|  0%| F|  |TAMS 0x0000000087500000, 0x0000000087500000| Untracked 
| 104|0x0000000087600000, 0x0000000087600000, 0x0000000087700000|  0%| F|  |TAMS 0x0000000087600000, 0x0000000087600000| Untracked 
| 105|0x0000000087700000, 0x0000000087700000, 0x0000000087800000|  0%| F|  |TAMS 0x0000000087700000, 0x0000000087700000| Untracked 
| 106|0x0000000087800000, 0x0000000087800000, 0x0000000087900000|  0%| F|  |TAMS 0x0000000087800000, 0x0000000087800000| Untracked 
| 107|0x0000000087900000, 0x0000000087900000, 0x0000000087a00000|  0%| F|  |TAMS 0x0000000087900000, 0x0000000087900000| Untracked 
| 108|0x0000000087a00000, 0x0000000087a00000, 0x0000000087b00000|  0%| F|  |TAMS 0x0000000087a00000, 0x0000000087a00000| Untracked 
| 109|0x0000000087b00000, 0x0000000087b00000, 0x0000000087c00000|  0%| F|  |TAMS 0x0000000087b00000, 0x0000000087b00000| Untracked 
| 110|0x0000000087c00000, 0x0000000087c00000, 0x0000000087d00000|  0%| F|  |TAMS 0x0000000087c00000, 0x0000000087c00000| Untracked 
| 111|0x0000000087d00000, 0x0000000087d00000, 0x0000000087e00000|  0%| F|  |TAMS 0x0000000087d00000, 0x0000000087d00000| Untracked 
| 112|0x0000000087e00000, 0x0000000087e00000, 0x0000000087f00000|  0%| F|  |TAMS 0x0000000087e00000, 0x0000000087e00000| Untracked 
| 113|0x0000000087f00000, 0x0000000087f00000, 0x0000000088000000|  0%| F|  |TAMS 0x0000000087f00000, 0x0000000087f00000| Untracked 
| 114|0x0000000088000000, 0x0000000088000000, 0x0000000088100000|  0%| F|  |TAMS 0x0000000088000000, 0x0000000088000000| Untracked 
| 115|0x0000000088100000, 0x0000000088100000, 0x0000000088200000|  0%| F|  |TAMS 0x0000000088100000, 0x0000000088100000| Untracked 
| 116|0x0000000088200000, 0x0000000088200000, 0x0000000088300000|  0%| F|  |TAMS 0x0000000088200000, 0x0000000088200000| Untracked 
| 117|0x0000000088300000, 0x0000000088300000, 0x0000000088400000|  0%| F|  |TAMS 0x0000000088300000, 0x0000000088300000| Untracked 
| 118|0x0000000088400000, 0x0000000088400000, 0x0000000088500000|  0%| F|  |TAMS 0x0000000088400000, 0x0000000088400000| Untracked 
| 119|0x0000000088500000, 0x0000000088500000, 0x0000000088600000|  0%| F|  |TAMS 0x0000000088500000, 0x0000000088500000| Untracked 
| 120|0x0000000088600000, 0x0000000088600000, 0x0000000088700000|  0%| F|  |TAMS 0x0000000088600000, 0x0000000088600000| Untracked 
| 121|0x0000000088700000, 0x00000000887c8318, 0x0000000088800000| 78%| E|  |TAMS 0x0000000088700000, 0x0000000088700000| Complete 
| 122|0x0000000088800000, 0x0000000088900000, 0x0000000088900000|100%| E|CS|TAMS 0x0000000088800000, 0x0000000088800000| Complete 
| 123|0x0000000088900000, 0x0000000088a00000, 0x0000000088a00000|100%| E|CS|TAMS 0x0000000088900000, 0x0000000088900000| Complete 
| 124|0x0000000088a00000, 0x0000000088b00000, 0x0000000088b00000|100%| E|CS|TAMS 0x0000000088a00000, 0x0000000088a00000| Complete 
| 125|0x0000000088b00000, 0x0000000088c00000, 0x0000000088c00000|100%| E|CS|TAMS 0x0000000088b00000, 0x0000000088b00000| Complete 
| 126|0x0000000088c00000, 0x0000000088d00000, 0x0000000088d00000|100%| E|CS|TAMS 0x0000000088c00000, 0x0000000088c00000| Complete 
| 127|0x0000000088d00000, 0x0000000088e00000, 0x0000000088e00000|100%| E|CS|TAMS 0x0000000088d00000, 0x0000000088d00000| Complete 

Card table byte_map: [0x000001fffbb90000,0x000001fffbf90000] _byte_map_base: 0x000001fffb789000

Marking Bits (Prev, Next): (CMBitMap*) 0x000001ffe4593b90, (CMBitMap*) 0x000001ffe4593bd0
 Prev Bits: [0x000001fffc390000, 0x000001fffe358000)
 Next Bits: [0x000001ff80000000, 0x000001ff81fc8000)

Polling page: 0x000001ffe3d30000

Metaspace:

Usage:
  Non-class:      4.59 MB capacity,     1.88 MB ( 41%) used,     2.71 MB ( 59%) free+waste,     2.06 KB ( <1%) overhead. 
      Class:    499.00 KB capacity,   233.95 KB ( 47%) used,   263.86 KB ( 53%) free+waste,     1.19 KB ( <1%) overhead. 
       Both:      5.08 MB capacity,     2.11 MB ( 42%) used,     2.97 MB ( 58%) free+waste,     3.25 KB ( <1%) overhead. 

Virtual space:
  Non-class space:        8.00 MB reserved,       4.75 MB ( 59%) committed 
      Class space:        1.00 GB reserved,     512.00 KB ( <1%) committed 
             Both:        1.01 GB reserved,       5.25 MB ( <1%) committed 

Chunk freelists:
   Non-Class:  32.00 KB
       Class:  13.00 KB
        Both:  45.00 KB

MaxMetaspaceSize: 17179869184.00 GB
CompressedClassSpaceSize: 1.00 GB

CodeHeap 'non-profiled nmethods': size=120000Kb used=169Kb max_used=169Kb free=119830Kb
 bounds [0x000001fff4260000, 0x000001fff44d0000, 0x000001fffb790000]
CodeHeap 'profiled nmethods': size=120000Kb used=840Kb max_used=840Kb free=119159Kb
 bounds [0x000001ffecd30000, 0x000001ffecfa0000, 0x000001fff4260000]
CodeHeap 'non-nmethods': size=5760Kb used=1219Kb max_used=1235Kb free=4541Kb
 bounds [0x000001ffec790000, 0x000001ffeca00000, 0x000001ffecd30000]
 total_blobs=910 nmethods=531 adapters=292
 compilation: enabled
              stopped_count=0, restarted_count=0
 full_count=0

Compilation events (20 events):
Event: 0.615 Thread 0x000001fffe88e4c0 nmethod 511 0x000001ffecdfb610 code [0x000001ffecdfb7e0, 0x000001ffecdfbb18]
Event: 0.617 Thread 0x000001fffe88e4c0  515       3       sun.invoke.util.Wrapper::hashPrim (30 bytes)
Event: 0.618 Thread 0x000001fffe88e4c0 nmethod 515 0x000001ffecdfbc90 code [0x000001ffecdfbf20, 0x000001ffecdfcb68]
Event: 0.618 Thread 0x000001fffe88e4c0  516       3       sun.invoke.util.Wrapper::findPrimitiveType (25 bytes)
Event: 0.618 Thread 0x000001fffe88e4c0 nmethod 516 0x000001ffecdfd090 code [0x000001ffecdfd300, 0x000001ffecdfde08]
Event: 0.619 Thread 0x000001fffe88e4c0  522       3       sun.invoke.util.Wrapper::forPrimitiveType (49 bytes)
Event: 0.620 Thread 0x000001fffe88e4c0 nmethod 522 0x000001ffecdfe290 code [0x000001ffecdfe600, 0x000001ffecdffa08]
Event: 0.620 Thread 0x000001fffe88e4c0  523       3       java.lang.invoke.MemberName::isResolved (13 bytes)
Event: 0.620 Thread 0x000001fffe88e4c0 nmethod 523 0x000001ffece00210 code [0x000001ffece003a0, 0x000001ffece004f8]
Event: 0.620 Thread 0x000001fffe88e4c0  518       3       jdk.internal.org.objectweb.asm.ByteVector::<init> (13 bytes)
Event: 0.620 Thread 0x000001fffe88e4c0 nmethod 518 0x000001ffece00590 code [0x000001ffece00740, 0x000001ffece00998]
Event: 0.620 Thread 0x000001fffe88e4c0  528       3       java.lang.invoke.LambdaForm::internArgument (85 bytes)
Event: 0.620 Thread 0x000001fffe88e4c0 nmethod 528 0x000001ffece00a90 code [0x000001ffece00c60, 0x000001ffece00fa8]
Event: 0.620 Thread 0x000001fffe88e4c0  529       3       java.util.Arrays::copyOf (40 bytes)
Event: 0.621 Thread 0x000001fffe88e4c0 nmethod 529 0x000001ffece01190 code [0x000001ffece01380, 0x000001ffece01a68]
Event: 0.621 Thread 0x000001fffe88e4c0  530       3       jdk.internal.org.objectweb.asm.SymbolTable::hash (15 bytes)
Event: 0.621 Thread 0x000001fffe82ca60 nmethod 502 0x000001fff4289510 code [0x000001fff42896c0, 0x000001fff4289d68]
Event: 0.621 Thread 0x000001fffe88e4c0 nmethod 530 0x000001ffece01c90 code [0x000001ffece01e40, 0x000001ffece01fb8]
Event: 0.621 Thread 0x000001fffe88e4c0  531       1       java.lang.invoke.LambdaForm$Name::index (5 bytes)
Event: 0.621 Thread 0x000001fffe88e4c0 nmethod 531 0x000001fff428a190 code [0x000001fff428a320, 0x000001fff428a3d8]

GC Heap History (0 events):
No events

Deoptimization events (20 events):
Event: 0.540 Thread 0x000001ffe4555400 Uncommon trap: trap_request=0xffffffde fr.pc=0x000001fff426d060 relative=0x0000000000000580
Event: 0.540 Thread 0x000001ffe4555400 Uncommon trap: reason=class_check action=maybe_recompile pc=0x000001fff426d060 method=java.util.HashMap.putVal(ILjava/lang/Object;Ljava/lang/Object;ZZ)Ljava/lang/Object; @ 253 c2
Event: 0.540 Thread 0x000001ffe4555400 DEOPT PACKING pc=0x000001fff426d060 sp=0x0000008e2b2fea40
Event: 0.540 Thread 0x000001ffe4555400 DEOPT UNPACKING pc=0x000001ffec7de42f sp=0x0000008e2b2fe9f0 mode 2
Event: 0.575 Thread 0x000001ffe4555400 Uncommon trap: trap_request=0xffffffbe fr.pc=0x000001fff4279998 relative=0x00000000000004f8
Event: 0.575 Thread 0x000001ffe4555400 Uncommon trap: reason=profile_predicate action=maybe_recompile pc=0x000001fff4279998 method=java.lang.StringLatin1.indexOf([BI[BII)I @ 18 c2
Event: 0.575 Thread 0x000001ffe4555400 DEOPT PACKING pc=0x000001fff4279998 sp=0x0000008e2b2ff1d0
Event: 0.575 Thread 0x000001ffe4555400 DEOPT UNPACKING pc=0x000001ffec7de42f sp=0x0000008e2b2ff140 mode 2
Event: 0.576 Thread 0x000001ffe4555400 Uncommon trap: trap_request=0xffffffbe fr.pc=0x000001fff4279998 relative=0x00000000000004f8
Event: 0.576 Thread 0x000001ffe4555400 Uncommon trap: reason=profile_predicate action=maybe_recompile pc=0x000001fff4279998 method=java.lang.StringLatin1.indexOf([BI[BII)I @ 18 c2
Event: 0.576 Thread 0x000001ffe4555400 DEOPT PACKING pc=0x000001fff4279998 sp=0x0000008e2b2ff290
Event: 0.576 Thread 0x000001ffe4555400 DEOPT UNPACKING pc=0x000001ffec7de42f sp=0x0000008e2b2ff200 mode 2
Event: 0.593 Thread 0x000001ffe4555400 Uncommon trap: trap_request=0xffffffbe fr.pc=0x000001fff4279998 relative=0x00000000000004f8
Event: 0.593 Thread 0x000001ffe4555400 Uncommon trap: reason=profile_predicate action=maybe_recompile pc=0x000001fff4279998 method=java.lang.StringLatin1.indexOf([BI[BII)I @ 18 c2
Event: 0.593 Thread 0x000001ffe4555400 DEOPT PACKING pc=0x000001fff4279998 sp=0x0000008e2b2ff090
Event: 0.593 Thread 0x000001ffe4555400 DEOPT UNPACKING pc=0x000001ffec7de42f sp=0x0000008e2b2ff000 mode 2
Event: 0.599 Thread 0x000001ffe4555400 Uncommon trap: trap_request=0xffffffbe fr.pc=0x000001fff4279998 relative=0x00000000000004f8
Event: 0.599 Thread 0x000001ffe4555400 Uncommon trap: reason=profile_predicate action=maybe_recompile pc=0x000001fff4279998 method=java.lang.StringLatin1.indexOf([BI[BII)I @ 18 c2
Event: 0.599 Thread 0x000001ffe4555400 DEOPT PACKING pc=0x000001fff4279998 sp=0x0000008e2b2feb80
Event: 0.599 Thread 0x000001ffe4555400 DEOPT UNPACKING pc=0x000001ffec7de42f sp=0x0000008e2b2feaf0 mode 2

Classes unloaded (0 events):
No events

Classes redefined (12 events):
Event: 91.029 Thread 0x000001fffe80a2c0 redefined class name=core.basesyntax.MyHashMap$Node, count=1
Event: 91.029 Thread 0x000001fffe80a2c0 redefined class name=core.basesyntax.MyHashMap, count=1
Event: 638.501 Thread 0x000001fffe80a2c0 redefined class name=core.basesyntax.MyHashMap$Node, count=2
Event: 638.501 Thread 0x000001fffe80a2c0 redefined class name=core.basesyntax.MyHashMap, count=2
Event: 1029.649 Thread 0x000001fffe80a2c0 redefined class name=core.basesyntax.MyHashMap$Node, count=3
Event: 1029.649 Thread 0x000001fffe80a2c0 redefined class name=core.basesyntax.MyHashMap, count=3
Event: 1127.660 Thread 0x000001fffe80a2c0 redefined class name=core.basesyntax.MyHashMap$Node, count=4
Event: 1127.660 Thread 0x000001fffe80a2c0 redefined class name=core.basesyntax.MyHashMap, count=4
Event: 1253.310 Thread 0x000001fffe80a2c0 redefined class name=core.basesyntax.MyHashMap$Node, count=5
Event: 1253.310 Thread 0x000001fffe80a2c0 redefined class name=core.basesyntax.MyHashMap, count=5
Event: 1528.314 Thread 0x000001fffe80a2c0 redefined class name=core.basesyntax.MyHashMap$Node, count=6
Event: 1528.314 Thread 0x000001fffe80a2c0 redefined class name=core.basesyntax.MyHashMap, count=6

Internal exceptions (4 events):
Event: 0.362 Thread 0x000001ffe4555400 Exception <a 'java/io/FileNotFoundException'{0x0000000088b95f58}> (0x0000000088b95f58) 
thrown [./open/src/hotspot/share/prims/jni.cpp, line 578]
Event: 0.519 Thread 0x000001ffe4555400 Exception <a 'java/lang/NoSuchMethodError'{0x00000000889b5a28}: 'java.lang.Object java.lang.invoke.DirectMethodHandle$Holder.invokeInterface(java.lang.Object, java.lang.Object)'> (0x00000000889b5a28) 
thrown [./open/src/hotspot/share/interpreter/linkResolver.cpp, line 782]
Event: 0.520 Thread 0x000001ffe4555400 Exception <a 'java/lang/IncompatibleClassChangeError'{0x00000000889b94f0}: Found class java.lang.Object, but interface was expected> (0x00000000889b94f0) 
thrown [./open/src/hotspot/share/interpreter/linkResolver.cpp, line 848]
Event: 0.562 Thread 0x000001ffe4555400 Exception <a 'java/lang/NoSuchMethodError'{0x00000000888398d8}: 'java.lang.Object java.lang.invoke.DirectMethodHandle$Holder.newInvokeSpecial(java.lang.Object, java.lang.Object, java.lang.Object, java.lang.Object, java.lang.Object)'> (0x00000000888398d8) 
thrown [./open/src/hotspot/share/interpreter/linkResolver.cpp, line 782]

Events (20 events):
Event: 1589.369 Executing VM operation: ChangeBreakpoints
Event: 1589.369 Executing VM operation: ChangeBreakpoints done
Event: 1589.748 Executing VM operation: ChangeBreakpoints
Event: 1589.748 Executing VM operation: ChangeBreakpoints done
Event: 1836.256 Executing VM operation: ChangeBreakpoints
Event: 1836.256 Executing VM operation: ChangeBreakpoints done
Event: 1840.004 Executing VM operation: ThreadsSuspendJVMTI
Event: 1840.004 Executing VM operation: ThreadsSuspendJVMTI done
Event: 1840.004 Thread 0x000001ffff326ff0 Thread exited: 0x000001ffff326ff0
Event: 1840.004 Executing VM operation: ChangeBreakpoints
Event: 1840.005 Executing VM operation: ChangeBreakpoints done
Event: 1840.005 Executing VM operation: ChangeBreakpoints
Event: 1840.005 Executing VM operation: ChangeBreakpoints done
Event: 1840.005 Executing VM operation: ChangeBreakpoints
Event: 1840.005 Executing VM operation: ChangeBreakpoints done
Event: 1840.005 Executing VM operation: ChangeBreakpoints
Event: 1840.005 Executing VM operation: ChangeBreakpoints done
Event: 1840.005 Executing VM operation: ChangeBreakpoints
Event: 1840.005 Executing VM operation: ChangeBreakpoints done
Event: 1840.006 Thread 0x000001ffff3d6040 Thread exited: 0x000001ffff3d6040


Dynamic libraries:
0x00007ff7732d0000 - 0x00007ff7732df000 	C:\Program Files\Java\jdk-15.0.1\bin\java.exe
0x00007ff9628d0000 - 0x00007ff962ac6000 	C:\WINDOWS\SYSTEM32\ntdll.dll
0x00007ff962660000 - 0x00007ff96271d000 	C:\WINDOWS\System32\KERNEL32.DLL
0x00007ff960220000 - 0x00007ff9604e9000 	C:\WINDOWS\System32\KERNELBASE.dll
0x00007ff9604f0000 - 0x00007ff9605f0000 	C:\WINDOWS\System32\ucrtbase.dll
0x00007ff940c10000 - 0x00007ff940c29000 	C:\Program Files\Java\jdk-15.0.1\bin\VCRUNTIME140.dll
0x00007ff94bf20000 - 0x00007ff94bf38000 	C:\Program Files\Java\jdk-15.0.1\bin\jli.dll
0x00007ff961160000 - 0x00007ff96120c000 	C:\WINDOWS\System32\ADVAPI32.dll
0x00007ff960be0000 - 0x00007ff960c7e000 	C:\WINDOWS\System32\msvcrt.dll
0x00007ff961030000 - 0x00007ff9610cc000 	C:\WINDOWS\System32\sechost.dll
0x00007ff961290000 - 0x00007ff9613bb000 	C:\WINDOWS\System32\RPCRT4.dll
0x00007ff960e30000 - 0x00007ff960fd0000 	C:\WINDOWS\System32\USER32.dll
0x00007ff960900000 - 0x00007ff960922000 	C:\WINDOWS\System32\win32u.dll
0x00007ff9618f0000 - 0x00007ff96191a000 	C:\WINDOWS\System32\GDI32.dll
0x00007ff960740000 - 0x00007ff960849000 	C:\WINDOWS\System32\gdi32full.dll
0x00007ff949c70000 - 0x00007ff949f0b000 	C:\WINDOWS\WinSxS\amd64_microsoft.windows.common-controls_6595b64144ccf1df_6.0.19041.488_none_ca04af081b815d21\COMCTL32.dll
0x00007ff9605f0000 - 0x00007ff96068d000 	C:\WINDOWS\System32\msvcp_win.dll
0x00007ff95aae0000 - 0x00007ff95aaea000 	C:\WINDOWS\SYSTEM32\VERSION.dll
0x00007ff962070000 - 0x00007ff9620a0000 	C:\WINDOWS\System32\IMM32.DLL
0x00007ff946560000 - 0x00007ff94656c000 	C:\Program Files\Java\jdk-15.0.1\bin\vcruntime140_1.dll
0x00007ff93e030000 - 0x00007ff93e0c1000 	C:\Program Files\Java\jdk-15.0.1\bin\msvcp140.dll
0x00007ff922400000 - 0x00007ff922f5e000 	C:\Program Files\Java\jdk-15.0.1\bin\server\jvm.dll
0x00007ff962880000 - 0x00007ff962888000 	C:\WINDOWS\System32\PSAPI.DLL
0x00007ff94cda0000 - 0x00007ff94cda9000 	C:\WINDOWS\SYSTEM32\WSOCK32.dll
0x00007ff9500f0000 - 0x00007ff950117000 	C:\WINDOWS\SYSTEM32\WINMM.dll
0x00007ff961210000 - 0x00007ff96127b000 	C:\WINDOWS\System32\WS2_32.dll
0x00007ff95df80000 - 0x00007ff95df92000 	C:\WINDOWS\SYSTEM32\kernel.appcore.dll
0x00007ff9454a0000 - 0x00007ff9454aa000 	C:\Program Files\Java\jdk-15.0.1\bin\jimage.dll
0x00007ff94a4b0000 - 0x00007ff94a694000 	C:\WINDOWS\SYSTEM32\DBGHELP.DLL
0x00007ff94a1c0000 - 0x00007ff94a1ec000 	C:\WINDOWS\SYSTEM32\dbgcore.DLL
0x00007ff9606c0000 - 0x00007ff960740000 	C:\WINDOWS\System32\bcryptPrimitives.dll
0x00007ff929ab0000 - 0x00007ff929ae9000 	C:\Program Files\Java\jdk-15.0.1\bin\jdwp.dll
0x00007ff940f40000 - 0x00007ff940f4e000 	C:\Program Files\Java\jdk-15.0.1\bin\instrument.dll
0x00007ff93e000000 - 0x00007ff93e025000 	C:\Program Files\Java\jdk-15.0.1\bin\java.dll
0x00007ff961920000 - 0x00007ff962062000 	C:\WINDOWS\System32\SHELL32.dll
0x00007ff95e180000 - 0x00007ff95e915000 	C:\WINDOWS\SYSTEM32\windows.storage.dll
0x00007ff9614e0000 - 0x00007ff961836000 	C:\WINDOWS\System32\combase.dll
0x00007ff95fa10000 - 0x00007ff95fa3c000 	C:\WINDOWS\SYSTEM32\Wldp.dll
0x00007ff960a60000 - 0x00007ff960b0e000 	C:\WINDOWS\System32\SHCORE.dll
0x00007ff962570000 - 0x00007ff9625c5000 	C:\WINDOWS\System32\shlwapi.dll
0x00007ff95ff40000 - 0x00007ff95ff66000 	C:\WINDOWS\SYSTEM32\profapi.dll
0x00007ff940030000 - 0x00007ff94003b000 	C:\Program Files\Java\jdk-15.0.1\bin\dt_socket.dll
0x00007ff95f420000 - 0x00007ff95f45b000 	C:\WINDOWS\SYSTEM32\IPHLPAPI.DLL
0x00007ff95f730000 - 0x00007ff95f79a000 	C:\WINDOWS\system32\mswsock.dll
0x00007ff93eb80000 - 0x00007ff93eb98000 	C:\Program Files\Java\jdk-15.0.1\bin\zip.dll
0x00007ff940b40000 - 0x00007ff940b59000 	C:\Program Files\Java\jdk-15.0.1\bin\net.dll
0x00007ff956cd0000 - 0x00007ff956dd0000 	C:\WINDOWS\SYSTEM32\WINHTTP.dll
0x00007ff93f560000 - 0x00007ff93f572000 	C:\Program Files\Java\jdk-15.0.1\bin\nio.dll
0x00007ff941330000 - 0x00007ff941340000 	C:\Program Files\Java\jdk-15.0.1\bin\verify.dll

dbghelp: loaded successfully - version: 4.0.5 - missing functions: none
symbol engine: initialized successfully - sym options: 0x614 - pdb path: .;C:\Program Files\Java\jdk-15.0.1\bin;C:\WINDOWS\SYSTEM32;C:\WINDOWS\WinSxS\amd64_microsoft.windows.common-controls_6595b64144ccf1df_6.0.19041.488_none_ca04af081b815d21;C:\Program Files\Java\jdk-15.0.1\bin\server

VM Arguments:
jvm_args: -agentlib:jdwp=transport=dt_socket,address=127.0.0.1:64287,suspend=y,server=n -ea -Didea.test.cyclic.buffer.size=1048576 -javaagent:C:\Users\Fedich\AppData\Local\JetBrains\IdeaIC2020.3\captureAgent\debugger-agent.jar -Dfile.encoding=UTF-8 
java_command: com.intellij.rt.junit.JUnitStarter -ideVersion5 -junit4 core.basesyntax.MyHashMapTest,getSizeWithCollisionAtZeroPosition
java_class_path (initial): E:\Programs\IntelliJ IDEA Community Edition 2020.2.3\lib\idea_rt.jar;E:\Programs\IntelliJ IDEA Community Edition 2020.2.3\plugins\junit\lib\junit5-rt.jar;E:\Programs\IntelliJ IDEA Community Edition 2020.2.3\plugins\junit\lib\junit-rt.jar;E:\MyPetProjects\jv-hash-map\target\test-classes;E:\MyPetProjects\jv-hash-map\target\classes;C:\Users\Fedich\.m2\repository\junit\junit\4.12\junit-4.12.jar;C:\Users\Fedich\.m2\repository\org\hamcrest\hamcrest-core\1.3\hamcrest-core-1.3.jar
Launcher Type: SUN_STANDARD

[Global flags]
     intx CICompilerCount                          = 3                                         {product} {ergonomic}
     uint ConcGCThreads                            = 1                                         {product} {ergonomic}
     uint G1ConcRefinementThreads                  = 4                                         {product} {ergonomic}
   size_t G1HeapRegionSize                         = 1048576                                   {product} {ergonomic}
    uintx GCDrainStackTargetSize                   = 64                                        {product} {ergonomic}
   size_t InitialHeapSize                          = 134217728                                 {product} {ergonomic}
   size_t MarkStackSize                            = 4194304                                   {product} {ergonomic}
   size_t MaxHeapSize                              = 2132803584                                {product} {ergonomic}
   size_t MaxNewSize                               = 1279262720                                {product} {ergonomic}
   size_t MinHeapDeltaBytes                        = 1048576                                   {product} {ergonomic}
   size_t MinHeapSize                              = 8388608                                   {product} {ergonomic}
    uintx NonNMethodCodeHeapSize                   = 5832780                                {pd product} {ergonomic}
    uintx NonProfiledCodeHeapSize                  = 122912730                              {pd product} {ergonomic}
    uintx ProfiledCodeHeapSize                     = 122912730                              {pd product} {ergonomic}
    uintx ReservedCodeCacheSize                    = 251658240                              {pd product} {ergonomic}
     bool SegmentedCodeCache                       = true                                      {product} {ergonomic}
   size_t SoftMaxHeapSize                          = 2132803584                             {manageable} {ergonomic}
     bool UseCompressedClassPointers               = true                                 {lp64_product} {ergonomic}
     bool UseCompressedOops                        = true                                 {lp64_product} {ergonomic}
     bool UseG1GC                                  = true                                      {product} {ergonomic}
     bool UseLargePagesIndividualAllocation        = false                                  {pd product} {ergonomic}

Logging:
Log output configuration:
 #0: stdout all=warning uptime,level,tags
 #1: stderr all=off uptime,level,tags

Environment Variables:
JAVA_HOME=C:\Program Files\Java\jdk-15.0.1
PATH=C:\Program Files\Common Files\Oracle\Java\javapath;C:\Windows\system32;C:\Windows;C:\Windows\System32\Wbem;C:\Windows\System32\WindowsPowerShell\v1.0\;C:\Program Files\NVIDIA Corporation\NVIDIA NvDLISR;C:\WINDOWS\system32;C:\WINDOWS;C:\WINDOWS\System32\Wbem;C:\WINDOWS\System32\WindowsPowerShell\v1.0\;C:\WINDOWS\System32\OpenSSH\;C:\Program Files (x86)\NVIDIA Corporation\PhysX\Common;C:\Program Files (x86)\Microsoft SQL Server\150\DTS\Binn\;C:\WINDOWS\system32;C:\WINDOWS;C:\WINDOWS\System32\Wbem;C:\WINDOWS\System32\WindowsPowerShell\v1.0\;C:\WINDOWS\System32\OpenSSH\;C:\Program Files\Common Files\Autodesk Shared\;C:\Program Files\Microsoft SQL Server\120\Tools\Binn\;C:\Program Files\Apache\apache-maven-3.6.3\bin;C:\Program Files\Apache\apache-maven-3.6.3\bin;C:\Program Files\Java\jdk-15.0.1\bin;E:\Node js\;C:\Program Files\Git\cmd;C:\Users\Fedich\AppData\Local\Microsoft\WindowsApps;C:\Users\Fedich\AppData\Local\GitHubDesktop\bin;C:\Users\Fedich\AppData\Local\Microsoft\WindowsApps;C:\Users\Fedich\AppData\Roaming\npm;E:\Microsoft VS Code\bin;E:\IntelliJ IDEA Community Edition 2020.2.3\bin;
USERNAME=Fedich
OS=Windows_NT
PROCESSOR_IDENTIFIER=Intel64 Family 6 Model 94 Stepping 3, GenuineIntel



---------------  S Y S T E M  ---------------

OS:
 Windows 10 , 64 bit Build 19041 (10.0.19041.662)
OS uptime: 0 days 14:39 hours

CPU: total 4 (initial active 4) (2 cores per cpu, 2 threads per core) family 6 model 94 stepping 3 microcode 0xcc, cmov, cx8, fxsr, mmx, sse, sse2, sse3, ssse3, sse4.1, sse4.2, popcnt, vzeroupper, avx, avx2, aes, clmul, erms, 3dnowpref, lzcnt, ht, tsc, tscinvbit, bmi1, bmi2, adx, fma, clflush, clflushopt

Memory: 4k page, system-wide physical 8129M (2884M free)
TotalPageFile size 12478M (AvailPageFile size 2666M)
current process WorkingSet (physical memory assigned to process): 40M, peak: 45M
current process commit charge ("private bytes"): 207M, peak: 212M

vm_info: Java HotSpot(TM) 64-Bit Server VM (15.0.1+9-18) for windows-amd64 JRE (15.0.1+9-18), built on Sep 15 2020 14:43:54 by "mach5one" with unknown MS VC++:1925

END.
