#
# There is insufficient memory for the Java Runtime Environment to continue.
# Native memory allocation (mmap) failed to map 268435456 bytes for G1 virtual space
# Possible reasons:
#   The system is out of physical RAM or swap space
#   The process is running with CompressedOops enabled, and the Java Heap may be blocking the growth of the native heap
# Possible solutions:
#   Reduce memory load on the system
#   Increase physical memory or swap space
#   Check if swap backing store is full
#   Decrease Java heap size (-Xmx/-Xms)
#   Decrease number of Java threads
#   Decrease Java thread stack sizes (-Xss)
#   Set larger code cache with -XX:ReservedCodeCacheSize=
#   JVM is running with Zero Based Compressed Oops mode in which the Java heap is
#     placed in the first 32GB address space. The Java Heap base address is the
#     maximum limit for the native heap growth. Please use -XX:HeapBaseMinAddress
#     to set the Java Heap base and to place the Java Heap above 32GB virtual address.
# This output file may be truncated or incomplete.
#
#  Out of Memory Error (os_windows.cpp:3535), pid=8304, tid=33764
#
# JRE version:  (17.0.4.1+1) (build )
# Java VM: Java HotSpot(TM) 64-Bit Server VM (17.0.4.1+1-LTS-2, mixed mode, sharing, tiered, compressed oops, compressed class ptrs, g1 gc, windows-amd64)
# No core dump will be written. Minidumps are not enabled by default on client versions of Windows
#

---------------  S U M M A R Y ------------

Command Line: -ea -Didea.test.cyclic.buffer.size=1048576 -javaagent:C:\Program Files\JetBrains\IntelliJ IDEA Community Edition 2022.2.3\lib\idea_rt.jar=50175:C:\Program Files\JetBrains\IntelliJ IDEA Community Edition 2022.2.3\bin -Dfile.encoding=UTF-8 com.intellij.rt.junit.JUnitStarter -ideVersion5 -junit4 core.basesyntax.MyHashMapTest

Host: Intel(R) Core(TM) i7-5820K CPU @ 3.30GHz, 12 cores, 15G,  Windows 10 , 64 bit Build 19041 (10.0.19041.2546)
Time: Fri Feb 24 17:32:08 2023  Windows 10 , 64 bit Build 19041 (10.0.19041.2546) elapsed time: 0.014637 seconds (0d 0h 0m 0s)

---------------  T H R E A D  ---------------

Current thread (0x000002aae9c74950):  JavaThread "Unknown thread" [_thread_in_vm, id=33764, stack(0x000000fc95c00000,0x000000fc95d00000)]

Stack: [0x000000fc95c00000,0x000000fc95d00000]
Native frames: (J=compiled Java code, j=interpreted, Vv=VM code, C=native code)
V  [jvm.dll+0x6723ba]
V  [jvm.dll+0x7d1e34]
V  [jvm.dll+0x7d35de]
V  [jvm.dll+0x7d3c43]
V  [jvm.dll+0x243065]
V  [jvm.dll+0x66f2d9]
V  [jvm.dll+0x663c22]
V  [jvm.dll+0x3011cb]
V  [jvm.dll+0x308766]
V  [jvm.dll+0x35846e]
V  [jvm.dll+0x35869f]
V  [jvm.dll+0x2d83e8]
V  [jvm.dll+0x2d9354]
V  [jvm.dll+0x7a3911]
V  [jvm.dll+0x3662c1]
V  [jvm.dll+0x782d7c]
V  [jvm.dll+0x3e8c1f]
V  [jvm.dll+0x3ea6c1]
C  [jli.dll+0x527b]
C  [ucrtbase.dll+0x21bb2]
C  [KERNEL32.DLL+0x17614]
C  [ntdll.dll+0x526a1]


---------------  P R O C E S S  ---------------

Threads class SMR info:
_java_thread_list=0x00007ff99d26a858, length=0, elements={
}

Java Threads: ( => current thread )

Other Threads:
  0x000002aae9ce01e0 GCTaskThread "GC Thread#0" [stack: 0x000000fc95d00000,0x000000fc95e00000] [id=33672]
  0x000002aae9cecfd0 ConcurrentGCThread "G1 Main Marker" [stack: 0x000000fc95e00000,0x000000fc95f00000] [id=34168]
  0x000002aae9ced9e0 ConcurrentGCThread "G1 Conc#0" [stack: 0x000000fc95f00000,0x000000fc96000000] [id=11460]

[error occurred during error reporting (printing all threads), id 0xc0000005, EXCEPTION_ACCESS_VIOLATION (0xc0000005) at pc=0x00007ff99cab8dd7]

VM state: not at safepoint (not fully initialized)

VM Mutex/Monitor currently owned by a thread:  ([mutex/lock_event])
[0x000002aae9c72060] Heap_lock - owner thread: 0x000002aae9c74950

Heap address: 0x0000000701a00000, size: 4070 MB, Compressed Oops mode: Zero based, Oop shift amount: 3

CDS archive(s) mapped at: [0x0000000000000000-0x0000000000000000-0x0000000000000000), size 0, SharedBaseAddress: 0x0000000800000000, ArchiveRelocationMode: 0.
Narrow klass base: 0x0000000000000000, Narrow klass shift: 0, Narrow klass range: 0x0

GC Precious Log:
<Empty>

Heap:
 garbage-first heap   total 0K, used 0K [0x0000000701a00000, 0x0000000800000000)
  region size 2048K, 0 young (0K), 0 survivors (0K)

[error occurred during error reporting (printing heap information), id 0xc0000005, EXCEPTION_ACCESS_VIOLATION (0xc0000005) at pc=0x00007ff99ce9b869]

GC Heap History (0 events):
No events

Deoptimization events (0 events):
No events

Classes unloaded (0 events):
No events

Classes redefined (0 events):
No events

Internal exceptions (0 events):
No events

VM Operations (0 events):
No events

Events (1 events):
Event: 0.009 Loaded shared library C:\Program Files\Java\jdk-17.0.4.1\bin\java.dll


Dynamic libraries:
0x00007ff6a15b0000 - 0x00007ff6a15c0000 	C:\Program Files\Java\jdk-17.0.4.1\bin\java.exe
0x00007ffa18f50000 - 0x00007ffa19148000 	C:\Windows\SYSTEM32\ntdll.dll
0x00007ffa18e50000 - 0x00007ffa18f0f000 	C:\Windows\System32\KERNEL32.DLL
0x00007ffa16640000 - 0x00007ffa16912000 	C:\Windows\System32\KERNELBASE.dll
0x00007ffa16c90000 - 0x00007ffa16d90000 	C:\Windows\System32\ucrtbase.dll
0x00007ff9ed9d0000 - 0x00007ff9ed9ea000 	C:\Program Files\Java\jdk-17.0.4.1\bin\VCRUNTIME140.dll
0x00007ff9edbd0000 - 0x00007ff9edbe8000 	C:\Program Files\Java\jdk-17.0.4.1\bin\jli.dll
0x00007ffa17540000 - 0x00007ffa175ee000 	C:\Windows\System32\ADVAPI32.dll
0x00007ffa18910000 - 0x00007ffa189ae000 	C:\Windows\System32\msvcrt.dll
0x00007ffa16f90000 - 0x00007ffa1702c000 	C:\Windows\System32\sechost.dll
0x00007ffa18d20000 - 0x00007ffa18e45000 	C:\Windows\System32\RPCRT4.dll
0x00007ffa176d0000 - 0x00007ffa17871000 	C:\Windows\System32\USER32.dll
0x00007ffa027d0000 - 0x00007ffa02a6a000 	C:\Windows\WinSxS\amd64_microsoft.windows.common-controls_6595b64144ccf1df_6.0.19041.1110_none_60b5254171f9507e\COMCTL32.dll
0x00007ffa16f60000 - 0x00007ffa16f82000 	C:\Windows\System32\win32u.dll
0x00007ffa17dc0000 - 0x00007ffa17deb000 	C:\Windows\System32\GDI32.dll
0x00007ffa16b80000 - 0x00007ffa16c8f000 	C:\Windows\System32\gdi32full.dll
0x00007ffa16970000 - 0x00007ffa16a0d000 	C:\Windows\System32\msvcp_win.dll
0x00007ffa0fae0000 - 0x00007ffa0faea000 	C:\Windows\SYSTEM32\VERSION.dll
0x00007ffa18c10000 - 0x00007ffa18c42000 	C:\Windows\System32\IMM32.DLL
0x00007ff9f4b90000 - 0x00007ff9f4b9c000 	C:\Program Files\Java\jdk-17.0.4.1\bin\vcruntime140_1.dll
0x00007ff9bebf0000 - 0x00007ff9bec7d000 	C:\Program Files\Java\jdk-17.0.4.1\bin\msvcp140.dll
0x00007ff99c7d0000 - 0x00007ff99d392000 	C:\Program Files\Java\jdk-17.0.4.1\bin\server\jvm.dll
0x00007ffa188f0000 - 0x00007ffa188f8000 	C:\Windows\System32\PSAPI.DLL
0x00007ffa0caa0000 - 0x00007ffa0cac7000 	C:\Windows\SYSTEM32\WINMM.dll
0x00007ff9fa1f0000 - 0x00007ff9fa1f9000 	C:\Windows\SYSTEM32\WSOCK32.dll
0x00007ffa18c50000 - 0x00007ffa18cbb000 	C:\Windows\System32\WS2_32.dll
0x00007ffa14520000 - 0x00007ffa14532000 	C:\Windows\SYSTEM32\kernel.appcore.dll
0x00007ff9f2580000 - 0x00007ff9f258a000 	C:\Program Files\Java\jdk-17.0.4.1\bin\jimage.dll
0x00007ffa0d020000 - 0x00007ffa0d204000 	C:\Windows\SYSTEM32\DBGHELP.DLL
0x00007ffa04990000 - 0x00007ffa049c5000 	C:\Windows\SYSTEM32\dbgcore.DLL
0x00007ffa16a10000 - 0x00007ffa16a92000 	C:\Windows\System32\bcryptPrimitives.dll
0x00007ffa118a0000 - 0x00007ffa118ae000 	C:\Program Files\Java\jdk-17.0.4.1\bin\instrument.dll
0x00007ff9ecec0000 - 0x00007ff9ecee5000 	C:\Program Files\Java\jdk-17.0.4.1\bin\java.dll

dbghelp: loaded successfully - version: 4.0.5 - missing functions: none
symbol engine: initialized successfully - sym options: 0x614 - pdb path: .;C:\Program Files\Java\jdk-17.0.4.1\bin;C:\Windows\SYSTEM32;C:\Windows\WinSxS\amd64_microsoft.windows.common-controls_6595b64144ccf1df_6.0.19041.1110_none_60b5254171f9507e;C:\Program Files\Java\jdk-17.0.4.1\bin\server

VM Arguments:
jvm_args: -ea -Didea.test.cyclic.buffer.size=1048576 -javaagent:C:\Program Files\JetBrains\IntelliJ IDEA Community Edition 2022.2.3\lib\idea_rt.jar=50175:C:\Program Files\JetBrains\IntelliJ IDEA Community Edition 2022.2.3\bin -Dfile.encoding=UTF-8 
java_command: com.intellij.rt.junit.JUnitStarter -ideVersion5 -junit4 core.basesyntax.MyHashMapTest
java_class_path (initial): C:\Program Files\JetBrains\IntelliJ IDEA Community Edition 2022.2.3\lib\idea_rt.jar;C:\Program Files\JetBrains\IntelliJ IDEA Community Edition 2022.2.3\plugins\junit\lib\junit5-rt.jar;C:\Program Files\JetBrains\IntelliJ IDEA Community Edition 2022.2.3\plugins\junit\lib\junit-rt.jar;D:\1.JAVA\ideaproject\jv-hash-map\target\test-classes;D:\1.JAVA\ideaproject\jv-hash-map\target\classes;C:\Users\pndvc\.m2\repository\junit\junit\4.12\junit-4.12.jar;C:\Users\pndvc\.m2\repository\org\hamcrest\hamcrest-core\1.3\hamcrest-core-1.3.jar
Launcher Type: SUN_STANDARD

[Global flags]
     intx CICompilerCount                          = 4                                         {product} {ergonomic}
     uint ConcGCThreads                            = 3                                         {product} {ergonomic}
     uint G1ConcRefinementThreads                  = 10                                        {product} {ergonomic}
   size_t G1HeapRegionSize                         = 2097152                                   {product} {ergonomic}
    uintx GCDrainStackTargetSize                   = 64                                        {product} {ergonomic}
   size_t InitialHeapSize                          = 268435456                                 {product} {ergonomic}
   size_t MarkStackSize                            = 4194304                                   {product} {ergonomic}
   size_t MaxHeapSize                              = 4267704320                                {product} {ergonomic}
   size_t MinHeapDeltaBytes                        = 2097152                                   {product} {ergonomic}
   size_t MinHeapSize                              = 8388608                                   {product} {ergonomic}
    uintx NonNMethodCodeHeapSize                   = 5839372                                {pd product} {ergonomic}
    uintx NonProfiledCodeHeapSize                  = 122909434                              {pd product} {ergonomic}
    uintx ProfiledCodeHeapSize                     = 122909434                              {pd product} {ergonomic}
    uintx ReservedCodeCacheSize                    = 251658240                              {pd product} {ergonomic}
     bool SegmentedCodeCache                       = true                                      {product} {ergonomic}
   size_t SoftMaxHeapSize                          = 4267704320                             {manageable} {ergonomic}
     bool UseCompressedClassPointers               = true                           {product lp64_product} {ergonomic}
     bool UseCompressedOops                        = true                           {product lp64_product} {ergonomic}
     bool UseG1GC                                  = true                                      {product} {ergonomic}
     bool UseLargePagesIndividualAllocation        = false                                  {pd product} {ergonomic}

Logging:
Log output configuration:
 #0: stdout all=warning uptime,level,tags
 #1: stderr all=off uptime,level,tags

Environment Variables:
JAVA_HOME=C:\Program Files\Java\jdk-17.0.4.1
PATH=C:\Program Files\Common Files\Oracle\Java\javapath;C:\Windows\system32;C:\Windows;C:\Windows\System32\Wbem;C:\Windows\System32\WindowsPowerShell\v1.0\;C:\Windows\System32\OpenSSH\;C:\Program Files (x86)\NVIDIA Corporation\PhysX\Common;C:\Program Files\Java\apache-maven-3.8.7\bin;C:\Program Files\Git\cmd;C:\Program Files\MySQL\MySQL Shell 8.0\bin\;C:\Users\pndvc\AppData\Local\Microsoft\WindowsApps;C:\Users\pndvc\AppData\Local\GitHubDesktop\bin
USERNAME=pndvc
OS=Windows_NT
PROCESSOR_IDENTIFIER=Intel64 Family 6 Model 63 Stepping 2, GenuineIntel



---------------  S Y S T E M  ---------------

OS:
 Windows 10 , 64 bit Build 19041 (10.0.19041.2546)
OS uptime: 0 days 7:50 hours

CPU: total 12 (initial active 12) (6 cores per cpu, 2 threads per core) family 6 model 63 stepping 2 microcode 0x43, cx8, cmov, fxsr, ht, mmx, sse, sse2, sse3, ssse3, sse4.1, sse4.2, popcnt, lzcnt, tsc, tscinvbit, avx, avx2, aes, erms, clmul, bmi1, bmi2, fma, vzeroupper, clflush

Memory: 4k page, system-wide physical 16279M (4113M free)
TotalPageFile size 20375M (AvailPageFile size 158M)
current process WorkingSet (physical memory assigned to process): 10M, peak: 10M
current process commit charge ("private bytes"): 64M, peak: 320M

vm_info: Java HotSpot(TM) 64-Bit Server VM (17.0.4.1+1-LTS-2) for windows-amd64 JRE (17.0.4.1+1-LTS-2), built on Aug 16 2022 18:32:06 by "mach5one" with MS VC++ 16.8 / 16.9 (VS2019)

END.
