#
# There is insufficient memory for the Java Runtime Environment to continue.
# Native memory allocation (mmap) failed to map 977272832 bytes for Failed to commit area from 0x00000000c5c00000 to 0x0000000100000000 of length 977272832.
# Possible reasons:
#   The system is out of physical RAM or swap space
#   The process is running with CompressedOops enabled, and the Java Heap may be blocking the growth of the native heap
# Possible solutions:
#   Reduce memory load on the system
#   Increase physical memory or swap space
#   Check if swap backing store is full
#   Decrease Java heap size (-Xmx/-Xms)
#   Decrease number of Java threads
#   Decrease Java thread stack sizes (-Xss)
#   Set larger code cache with -XX:ReservedCodeCacheSize=
#   JVM is running with Unscaled Compressed Oops mode in which the Java heap is
#     placed in the first 4GB address space. The Java Heap base address is the
#     maximum limit for the native heap growth. Please use -XX:HeapBaseMinAddress
#     to set the Java Heap base and to place the Java Heap above 4GB virtual address.
# This output file may be truncated or incomplete.
#
#  Out of Memory Error (c:/BuildAgent/work/5ff2f6c26000d570/src/hotspot/os/windows/os_windows.cpp:3281), pid=8676, tid=11232
#
# JRE version: OpenJDK Runtime Environment (11.0.4+10) (build 11.0.4+10-b304.77)
# Java VM: OpenJDK 64-Bit Server VM (11.0.4+10-b304.77, mixed mode, sharing, tiered, compressed oops, g1 gc, windows-amd64)
# No core dump will be written. Minidumps are not enabled by default on client versions of Windows
#

---------------  S U M M A R Y ------------

Command Line: -ea -Didea.test.cyclic.buffer.size=1048576 -javaagent:C:\Program Files\IntelliJ IDEA 2019.2.4\lib\idea_rt.jar=57193:C:\Program Files\IntelliJ IDEA 2019.2.4\bin -Dfile.encoding=UTF-8 com.intellij.rt.execution.junit.JUnitStarter -ideVersion5 -junit4 core.basesyntax.MyHashMapTest

Host: Intel(R) Core(TM) i7-3517U CPU @ 1.90GHz, 4 cores, 3G,  Windows 7 , 64 bit Build 7601 (6.1.7601.24535)
Time: Tue Dec 17 18:06:33 2019 RTZ 2 (ceia) elapsed time: 0 seconds (0d 0h 0m 0s)

---------------  T H R E A D  ---------------

Current thread (0x000000001b438000):  VMThread "VM Thread" [stack: 0x000000001b790000,0x000000001b890000] [id=11232]

Stack: [0x000000001b790000,0x000000001b890000]
[error occurred during error reporting (printing stack bounds), id 0xc0000005, EXCEPTION_ACCESS_VIOLATION (0xc0000005) at pc=0x00000000066c0bad]

Native frames: (J=compiled Java code, j=interpreted, Vv=VM code, C=native code)
V  [jvm.dll+0x5db31a]
V  [jvm.dll+0x70c395]
V  [jvm.dll+0x70d8b8]
V  [jvm.dll+0x70dee5]
V  [jvm.dll+0x70de9b]
V  [jvm.dll+0x5daa98]
V  [jvm.dll+0x5daf08]
C  [ntdll.dll+0x6be9d]
C  [ntdll.dll+0x4040a]
C  [ntdll.dll+0x6b53e]
C  0x00000000066c0bad

VM_Operation (0x00000000023cdb20): G1CollectForAllocation, mode: safepoint, requested by thread 0x000000000038a800


---------------  P R O C E S S  ---------------

Threads class SMR info:
_java_thread_list=0x000000001c42e2a0, length=11, elements={
0x000000000038a800, 0x000000001b439800, 0x000000001b43b000, 0x000000001b453000,
0x000000001b454000, 0x000000001b456800, 0x000000001b45c800, 0x000000001b468000,
0x000000001b57a800, 0x000000001c43e800, 0x000000001c43f000
}

Java Threads: ( => current thread )
  0x000000000038a800 JavaThread "main" [_thread_blocked, id=8892, stack(0x00000000022d0000,0x00000000023d0000)]
  0x000000001b439800 JavaThread "Reference Handler" daemon [_thread_blocked, id=10236, stack(0x000000001b8f0000,0x000000001b9f0000)]
  0x000000001b43b000 JavaThread "Finalizer" daemon [_thread_blocked, id=11260, stack(0x000000001b600000,0x000000001b700000)]
  0x000000001b453000 JavaThread "Signal Dispatcher" daemon [_thread_blocked, id=6548, stack(0x000000001bc50000,0x000000001bd50000)]
  0x000000001b454000 JavaThread "Attach Listener" daemon [_thread_blocked, id=5412, stack(0x000000001bb50000,0x000000001bc50000)]
  0x000000001b456800 JavaThread "C2 CompilerThread0" daemon [_thread_blocked, id=1796, stack(0x000000001be10000,0x000000001bf10000)]
  0x000000001b45c800 JavaThread "C1 CompilerThread0" daemon [_thread_blocked, id=11144, stack(0x000000001bfe0000,0x000000001c0e0000)]
  0x000000001b468000 JavaThread "Sweeper thread" daemon [_thread_blocked, id=3476, stack(0x000000001c280000,0x000000001c380000)]
  0x000000001b57a800 JavaThread "Common-Cleaner" daemon [_thread_blocked, id=1392, stack(0x000000001c150000,0x000000001c250000)]
  0x000000001c43e800 JavaThread "Monitor Ctrl-Break" daemon [_thread_in_native, id=11224, stack(0x000000001c9a0000,0x000000001caa0000)]
  0x000000001c43f000 JavaThread "Service Thread" daemon [_thread_blocked, id=3852, stack(0x000000001cbb0000,0x000000001ccb0000)]

Other Threads:
=>0x000000001b438000 VMThread "VM Thread" [stack: 0x000000001b790000,0x000000001b890000] [id=11232]
  0x000000001c432800 WatcherThread [stack: 0x000000001cd50000,0x000000001ce50000] [id=1152]
  0x00000000003a7800 GCTaskThread "GC Thread#0" [stack: 0x00000000156d0000,0x00000000157d0000] [id=8176]
  0x000000001cec6000 GCTaskThread "GC Thread#1" [stack: 0x000000001c7b0000,0x000000001c8b0000] [id=6268]
  0x00000000003c1800 ConcurrentGCThread "G1 Main Marker" [stack: 0x0000000018160000,0x0000000018260000] [id=7660]
  0x00000000003c6000 ConcurrentGCThread "G1 Conc#0" [stack: 0x00000000183e0000,0x00000000184e0000] [id=9444]
  0x000000001a820800 ConcurrentGCThread "G1 Refine#0" [stack: 0x000000001aab0000,0x000000001abb0000] [id=10976]
  0x000000001cee4800 ConcurrentGCThread "G1 Refine#1" [stack: 0x000000001d650000,0x000000001d750000] [id=5568]
  0x000000000040a000 ConcurrentGCThread "G1 Young RemSet Sampling" [stack: 0x000000001a950000,0x000000001aa50000] [id=10824]

Threads with active compile tasks:

VM state:at safepoint (normal execution)

VM Mutex/Monitor currently owned by a thread:  ([mutex/lock_event])
[0x0000000000387d80] Threads_lock - owner thread: 0x000000001b438000
[0x00000000003884d0] Heap_lock - owner thread: 0x000000000038a800

Heap address: 0x00000000c1c00000, size: 996 MB, Compressed Oops mode: 32-bit
Narrow klass base: 0x0000000800000000, Narrow klass shift: 3
Compressed class space size: 1073741824 Address: 0x0000000840000000

Heap:
 garbage-first heap   total 1019904K, used 8733K [0x00000000c1c00000, 0x0000000100000000)
  region size 1024K, 2 young (2048K), 2 survivors (2048K)
 Metaspace       used 2746K, capacity 5376K, committed 5504K, reserved 1056768K
  class space    used 304K, capacity 559K, committed 640K, reserved 1048576K
Heap Regions: E=young(eden), S=young(survivor), O=old, HS=humongous(starts), HC=humongous(continues), CS=collection set, F=free, A=archive, TAMS=top-at-mark-start (previous, next)
|   0|0x00000000c1c00000, 0x00000000c1d00000, 0x00000000c1d00000|100%|HS|  |TAMS 0x00000000c1c00000, 0x00000000c1d00000| Complete 
|   1|0x00000000c1d00000, 0x00000000c1e00000, 0x00000000c1e00000|100%|HC|  |TAMS 0x00000000c1d00000, 0x00000000c1e00000| Complete 
|   2|0x00000000c1e00000, 0x00000000c1f00000, 0x00000000c1f00000|100%|HC|  |TAMS 0x00000000c1e00000, 0x00000000c1f00000| Complete 
|   3|0x00000000c1f00000, 0x00000000c2000000, 0x00000000c2000000|100%|HC|  |TAMS 0x00000000c1f00000, 0x00000000c2000000| Complete 
|   4|0x00000000c2000000, 0x00000000c2100000, 0x00000000c2100000|100%|HS|  |TAMS 0x00000000c2000000, 0x00000000c2100000| Complete 
|   5|0x00000000c2100000, 0x00000000c2200000, 0x00000000c2200000|100%|HC|  |TAMS 0x00000000c2100000, 0x00000000c2200000| Complete 
|   6|0x00000000c2200000, 0x00000000c2300000, 0x00000000c2300000|100%|HC|  |TAMS 0x00000000c2200000, 0x00000000c2300000| Complete 
|   7|0x00000000c2300000, 0x00000000c2300000, 0x00000000c2400000|  0%| F|  |TAMS 0x00000000c2300000, 0x00000000c2300000| Untracked 
|   8|0x00000000c2400000, 0x00000000c2400000, 0x00000000c2500000|  0%| F|  |TAMS 0x00000000c2400000, 0x00000000c2400000| Untracked 
|   9|0x00000000c2500000, 0x00000000c2500000, 0x00000000c2600000|  0%| F|  |TAMS 0x00000000c2500000, 0x00000000c2500000| Untracked 
|  10|0x00000000c2600000, 0x00000000c2600000, 0x00000000c2700000|  0%| F|  |TAMS 0x00000000c2600000, 0x00000000c2600000| Untracked 
|  11|0x00000000c2700000, 0x00000000c2700000, 0x00000000c2800000|  0%| F|  |TAMS 0x00000000c2700000, 0x00000000c2700000| Untracked 
|  12|0x00000000c2800000, 0x00000000c2800000, 0x00000000c2900000|  0%| F|  |TAMS 0x00000000c2800000, 0x00000000c2800000| Untracked 
|  13|0x00000000c2900000, 0x00000000c2900000, 0x00000000c2a00000|  0%| F|  |TAMS 0x00000000c2900000, 0x00000000c2900000| Untracked 
|  14|0x00000000c2a00000, 0x00000000c2a00000, 0x00000000c2b00000|  0%| F|  |TAMS 0x00000000c2a00000, 0x00000000c2a00000| Untracked 
|  15|0x00000000c2b00000, 0x00000000c2b00000, 0x00000000c2c00000|  0%| F|  |TAMS 0x00000000c2b00000, 0x00000000c2b00000| Untracked 
|  16|0x00000000c2c00000, 0x00000000c2c00000, 0x00000000c2d00000|  0%| F|  |TAMS 0x00000000c2c00000, 0x00000000c2c00000| Untracked 
|  17|0x00000000c2d00000, 0x00000000c2d00000, 0x00000000c2e00000|  0%| F|  |TAMS 0x00000000c2d00000, 0x00000000c2d00000| Untracked 
|  18|0x00000000c2e00000, 0x00000000c2e00000, 0x00000000c2f00000|  0%| F|  |TAMS 0x00000000c2e00000, 0x00000000c2e00000| Untracked 
|  19|0x00000000c2f00000, 0x00000000c2f00000, 0x00000000c3000000|  0%| F|  |TAMS 0x00000000c2f00000, 0x00000000c2f00000| Untracked 
|  20|0x00000000c3000000, 0x00000000c3000000, 0x00000000c3100000|  0%| F|  |TAMS 0x00000000c3000000, 0x00000000c3000000| Untracked 
|  21|0x00000000c3100000, 0x00000000c3100000, 0x00000000c3200000|  0%| F|  |TAMS 0x00000000c3100000, 0x00000000c3100000| Untracked 
|  22|0x00000000c3200000, 0x00000000c3200000, 0x00000000c3300000|  0%| F|  |TAMS 0x00000000c3200000, 0x00000000c3200000| Untracked 
|  23|0x00000000c3300000, 0x00000000c3300000, 0x00000000c3400000|  0%| F|  |TAMS 0x00000000c3300000, 0x00000000c3300000| Untracked 
|  24|0x00000000c3400000, 0x00000000c3400000, 0x00000000c3500000|  0%| F|  |TAMS 0x00000000c3400000, 0x00000000c3400000| Untracked 
|  25|0x00000000c3500000, 0x00000000c3500000, 0x00000000c3600000|  0%| F|  |TAMS 0x00000000c3500000, 0x00000000c3500000| Untracked 
|  26|0x00000000c3600000, 0x00000000c3600000, 0x00000000c3700000|  0%| F|  |TAMS 0x00000000c3600000, 0x00000000c3600000| Untracked 
|  27|0x00000000c3700000, 0x00000000c3700000, 0x00000000c3800000|  0%| F|  |TAMS 0x00000000c3700000, 0x00000000c3700000| Untracked 
|  28|0x00000000c3800000, 0x00000000c3800000, 0x00000000c3900000|  0%| F|  |TAMS 0x00000000c3800000, 0x00000000c3800000| Untracked 
|  29|0x00000000c3900000, 0x00000000c3900000, 0x00000000c3a00000|  0%| F|  |TAMS 0x00000000c3900000, 0x00000000c3900000| Untracked 
|  30|0x00000000c3a00000, 0x00000000c3a00000, 0x00000000c3b00000|  0%| F|  |TAMS 0x00000000c3a00000, 0x00000000c3a00000| Untracked 
|  31|0x00000000c3b00000, 0x00000000c3b00000, 0x00000000c3c00000|  0%| F|  |TAMS 0x00000000c3b00000, 0x00000000c3b00000| Untracked 
|  32|0x00000000c3c00000, 0x00000000c3c00000, 0x00000000c3d00000|  0%| F|  |TAMS 0x00000000c3c00000, 0x00000000c3c00000| Untracked 
|  33|0x00000000c3d00000, 0x00000000c3d00000, 0x00000000c3e00000|  0%| F|  |TAMS 0x00000000c3d00000, 0x00000000c3d00000| Untracked 
|  34|0x00000000c3e00000, 0x00000000c3e00000, 0x00000000c3f00000|  0%| F|  |TAMS 0x00000000c3e00000, 0x00000000c3e00000| Untracked 
|  35|0x00000000c3f00000, 0x00000000c3f00000, 0x00000000c4000000|  0%| F|  |TAMS 0x00000000c3f00000, 0x00000000c3f00000| Untracked 
|  36|0x00000000c4000000, 0x00000000c4000000, 0x00000000c4100000|  0%| F|  |TAMS 0x00000000c4000000, 0x00000000c4000000| Untracked 
|  37|0x00000000c4100000, 0x00000000c4100000, 0x00000000c4200000|  0%| F|  |TAMS 0x00000000c4100000, 0x00000000c4100000| Untracked 
|  38|0x00000000c4200000, 0x00000000c4200000, 0x00000000c4300000|  0%| F|  |TAMS 0x00000000c4200000, 0x00000000c4200000| Untracked 
|  39|0x00000000c4300000, 0x00000000c4300000, 0x00000000c4400000|  0%| F|  |TAMS 0x00000000c4300000, 0x00000000c4300000| Untracked 
|  40|0x00000000c4400000, 0x00000000c4400000, 0x00000000c4500000|  0%| F|  |TAMS 0x00000000c4400000, 0x00000000c4400000| Untracked 
|  41|0x00000000c4500000, 0x00000000c4500000, 0x00000000c4600000|  0%| F|  |TAMS 0x00000000c4500000, 0x00000000c4500000| Untracked 
|  42|0x00000000c4600000, 0x00000000c4600000, 0x00000000c4700000|  0%| F|  |TAMS 0x00000000c4600000, 0x00000000c4600000| Untracked 
|  43|0x00000000c4700000, 0x00000000c4700000, 0x00000000c4800000|  0%| F|  |TAMS 0x00000000c4700000, 0x00000000c4700000| Untracked 
|  44|0x00000000c4800000, 0x00000000c4800000, 0x00000000c4900000|  0%| F|  |TAMS 0x00000000c4800000, 0x00000000c4800000| Untracked 
|  45|0x00000000c4900000, 0x00000000c4900000, 0x00000000c4a00000|  0%| F|  |TAMS 0x00000000c4900000, 0x00000000c4900000| Untracked 
|  46|0x00000000c4a00000, 0x00000000c4a00000, 0x00000000c4b00000|  0%| F|  |TAMS 0x00000000c4a00000, 0x00000000c4a00000| Untracked 
|  47|0x00000000c4b00000, 0x00000000c4b00000, 0x00000000c4c00000|  0%| F|  |TAMS 0x00000000c4b00000, 0x00000000c4b00000| Untracked 
|  48|0x00000000c4c00000, 0x00000000c4c00000, 0x00000000c4d00000|  0%| F|  |TAMS 0x00000000c4c00000, 0x00000000c4c00000| Untracked 
|  49|0x00000000c4d00000, 0x00000000c4d00000, 0x00000000c4e00000|  0%| F|  |TAMS 0x00000000c4d00000, 0x00000000c4d00000| Untracked 
|  50|0x00000000c4e00000, 0x00000000c4e00000, 0x00000000c4f00000|  0%| F|  |TAMS 0x00000000c4e00000, 0x00000000c4e00000| Untracked 
|  51|0x00000000c4f00000, 0x00000000c4f00000, 0x00000000c5000000|  0%| F|  |TAMS 0x00000000c4f00000, 0x00000000c4f00000| Untracked 
|  52|0x00000000c5000000, 0x00000000c5000000, 0x00000000c5100000|  0%| F|  |TAMS 0x00000000c5000000, 0x00000000c5000000| Untracked 
|  53|0x00000000c5100000, 0x00000000c5100000, 0x00000000c5200000|  0%| F|  |TAMS 0x00000000c5100000, 0x00000000c5100000| Untracked 
|  54|0x00000000c5200000, 0x00000000c5200000, 0x00000000c5300000|  0%| F|  |TAMS 0x00000000c5200000, 0x00000000c5200000| Untracked 
|  55|0x00000000c5300000, 0x00000000c5300000, 0x00000000c5400000|  0%| F|  |TAMS 0x00000000c5300000, 0x00000000c5300000| Untracked 
|  56|0x00000000c5400000, 0x00000000c5400000, 0x00000000c5500000|  0%| F|  |TAMS 0x00000000c5400000, 0x00000000c5400000| Untracked 
|  57|0x00000000c5500000, 0x00000000c5500000, 0x00000000c5600000|  0%| F|  |TAMS 0x00000000c5500000, 0x00000000c5500000| Untracked 
|  58|0x00000000c5600000, 0x00000000c5600000, 0x00000000c5700000|  0%| F|  |TAMS 0x00000000c5600000, 0x00000000c5600000| Untracked 
|  59|0x00000000c5700000, 0x00000000c5700000, 0x00000000c5800000|  0%| F|  |TAMS 0x00000000c5700000, 0x00000000c5700000| Untracked 
|  60|0x00000000c5800000, 0x00000000c5800000, 0x00000000c5900000|  0%| F|  |TAMS 0x00000000c5800000, 0x00000000c5800000| Untracked 
|  61|0x00000000c5900000, 0x00000000c5900000, 0x00000000c5a00000|  0%| F|  |TAMS 0x00000000c5900000, 0x00000000c5900000| Untracked 
|  62|0x00000000c5a00000, 0x00000000c5a87600, 0x00000000c5b00000| 52%| S|CS|TAMS 0x00000000c5a00000, 0x00000000c5a00000| Complete 
|  63|0x00000000c5b00000, 0x00000000c5c00000, 0x00000000c5c00000|100%| S|CS|TAMS 0x00000000c5b00000, 0x00000000c5b00000| Complete 

Card table byte_map: [0x0000000015e10000,0x0000000016010000] _byte_map_base: 0x0000000015802000

Marking Bits (Prev, Next): (CMBitMap*) 0x00000000003bd168, (CMBitMap*) 0x00000000003bd1a0
 Prev Bits: [0x0000000016210000, 0x00000000171a0000)
 Next Bits: [0x00000000171a0000, 0x0000000018130000)

Polling page: 0x0000000000240000

Metaspace:

Usage:
  Non-class:      4.70 MB capacity,     2.39 MB ( 51%) used,     2.31 MB ( 49%) free+waste,     8.38 KB ( <1%) overhead. 
      Class:    559.00 KB capacity,   304.52 KB ( 54%) used,   249.61 KB ( 45%) free+waste,     4.88 KB ( <1%) overhead. 
       Both:      5.25 MB capacity,     2.68 MB ( 51%) used,     2.55 MB ( 49%) free+waste,    13.25 KB ( <1%) overhead. 

Virtual space:
  Non-class space:        8.00 MB reserved,       4.75 MB ( 59%) committed 
      Class space:        1.00 GB reserved,     640.00 KB ( <1%) committed 
             Both:        1.01 GB reserved,       5.38 MB ( <1%) committed 

Chunk freelists:
   Non-Class:  47.00 KB
       Class:  0 bytes
        Both:  47.00 KB

CodeHeap 'non-profiled nmethods': size=120064Kb used=196Kb max_used=196Kb free=119867Kb
 bounds [0x000000000e180000, 0x000000000e3f0000, 0x00000000156c0000]
CodeHeap 'profiled nmethods': size=120000Kb used=1147Kb max_used=1147Kb free=118852Kb
 bounds [0x0000000006c50000, 0x0000000006ec0000, 0x000000000e180000]
CodeHeap 'non-nmethods': size=5696Kb used=1079Kb max_used=1092Kb free=4616Kb
 bounds [0x00000000066c0000, 0x0000000006930000, 0x0000000006c50000]
 total_blobs=1165 nmethods=664 adapters=282
 compilation: enabled
              stopped_count=0, restarted_count=0
 full_count=0

Compilation events (10 events):
Event: 0.714 Thread 0x000000001b45c800  663       3       core.basesyntax.MyHashMap::put (197 bytes)
Event: 0.715 Thread 0x000000001b45c800 nmethod 663 0x0000000006d6c610 code [0x0000000006d6c920, 0x0000000006d6dff0]
Event: 0.715 Thread 0x000000001b45c800  660       1       core.basesyntax.Bus::hashCode (2 bytes)
Event: 0.716 Thread 0x000000001b45c800 nmethod 660 0x000000000e1afa90 code [0x000000000e1afc40, 0x000000000e1afd78]
Event: 0.716 Thread 0x000000001b45c800  661       3       core.basesyntax.MyHashMap::hash (20 bytes)
Event: 0.716 Thread 0x000000001b45c800 nmethod 661 0x0000000006d6e610 code [0x0000000006d6e7e0, 0x0000000006d6eb70]
Event: 0.716 Thread 0x000000001b456800  664       4       core.basesyntax.MyHashMap::put (197 bytes)
Event: 0.736 Thread 0x000000001b456800 nmethod 664 0x000000000e1afe10 code [0x000000000e1b0000, 0x000000000e1b0928]
Event: 0.737 Thread 0x000000001b456800  665 %     4       core.basesyntax.MyHashMap::resize @ 57 (89 bytes)
Event: 0.740 Thread 0x000000001b456800 nmethod 665% 0x000000000e1b0c90 code [0x000000000e1b0e40, 0x000000000e1b1028]

GC Heap History (4 events):
Event: 0.750 GC heap before
{Heap before GC invocations=0 (full 0):
 garbage-first heap   total 65536K, used 13312K [0x00000000c1c00000, 0x0000000100000000)
  region size 1024K, 7 young (7168K), 0 survivors (0K)
 Metaspace       used 2746K, capacity 5376K, committed 5504K, reserved 1056768K
  class space    used 304K, capacity 559K, committed 640K, reserved 1048576K
}
Event: 0.761 GC heap after
{Heap after GC invocations=1 (full 0):
 garbage-first heap   total 65536K, used 8632K [0x00000000c1c00000, 0x0000000100000000)
  region size 1024K, 2 young (2048K), 2 survivors (2048K)
 Metaspace       used 2746K, capacity 5376K, committed 5504K, reserved 1056768K
  class space    used 304K, capacity 559K, committed 640K, reserved 1048576K
}
Event: 0.763 GC heap before
{Heap before GC invocations=1 (full 0):
 garbage-first heap   total 65536K, used 8632K [0x00000000c1c00000, 0x0000000100000000)
  region size 1024K, 2 young (2048K), 2 survivors (2048K)
 Metaspace       used 2746K, capacity 5376K, committed 5504K, reserved 1056768K
  class space    used 304K, capacity 559K, committed 640K, reserved 1048576K
}
Event: 0.767 GC heap after
{Heap after GC invocations=2 (full 0):
 garbage-first heap   total 65536K, used 8733K [0x00000000c1c00000, 0x0000000100000000)
  region size 1024K, 2 young (2048K), 2 survivors (2048K)
 Metaspace       used 2746K, capacity 5376K, committed 5504K, reserved 1056768K
  class space    used 304K, capacity 559K, committed 640K, reserved 1048576K
}

Deoptimization events (10 events):
Event: 0.547 Thread 0x000000000038a800 DEOPT PACKING pc=0x000000000e186020 sp=0x00000000023cebe0
Event: 0.547 Thread 0x000000000038a800 DEOPT UNPACKING pc=0x00000000066e91af sp=0x00000000023ceb20 mode 2
Event: 0.549 Thread 0x000000000038a800 Uncommon trap: trap_request=0xffffff4d fr.pc=0x000000000e18e408 relative=0x0000000000000068
Event: 0.549 Thread 0x000000000038a800 Uncommon trap: reason=unstable_if action=reinterpret pc=0x000000000e18e408 method=java.lang.String.isLatin1()Z @ 10 c2
Event: 0.549 Thread 0x000000000038a800 DEOPT PACKING pc=0x000000000e18e408 sp=0x00000000023ceb90
Event: 0.549 Thread 0x000000000038a800 DEOPT UNPACKING pc=0x00000000066e91af sp=0x00000000023ceb20 mode 2
Event: 0.682 Thread 0x000000000038a800 Uncommon trap: trap_request=0xffffff4d fr.pc=0x000000000e1ac4b4 relative=0x0000000000000114
Event: 0.682 Thread 0x000000000038a800 Uncommon trap: reason=unstable_if action=reinterpret pc=0x000000000e1ac4b4 method=com.intellij.rt.execution.junit.MapSerializerUtil$1.escape(C)C @ 1 c2
Event: 0.682 Thread 0x000000000038a800 DEOPT PACKING pc=0x000000000e1ac4b4 sp=0x00000000023ce770
Event: 0.682 Thread 0x000000000038a800 DEOPT UNPACKING pc=0x00000000066e91af sp=0x00000000023ce700 mode 2

Classes redefined (0 events):
No events

Internal exceptions (5 events):
Event: 0.287 Thread 0x000000000038a800 Exception <a 'java/io/FileNotFoundException'{0x00000000c5952ca8}> (0x00000000c5952ca8) thrown at [c:/BuildAgent/work/5ff2f6c26000d570/src/hotspot/share/prims/jni.cpp, line 615]
Event: 0.500 Thread 0x000000000038a800 Exception <a 'java/lang/NoSuchMethodError'{0x00000000c575bb48}: 'int java.lang.invoke.DirectMethodHandle$Holder.invokeSpecialIFC(java.lang.Object, java.lang.Object, int)'> (0x00000000c575bb48) thrown at [c:/BuildAgent/work/5ff2f6c26000d570/src/hotspot/sha
Event: 0.665 Thread 0x000000000038a800 Exception <a 'java/lang/reflect/InvocationTargetException'{0x00000000c56bde58}> (0x00000000c56bde58) thrown at [c:/BuildAgent/work/5ff2f6c26000d570/src/hotspot/share/runtime/reflection.cpp, line 1246]
Event: 0.690 Thread 0x000000000038a800 Exception <a 'java/lang/reflect/InvocationTargetException'{0x00000000c56f45c0}> (0x00000000c56f45c0) thrown at [c:/BuildAgent/work/5ff2f6c26000d570/src/hotspot/share/runtime/reflection.cpp, line 1246]
Event: 0.694 Thread 0x000000000038a800 Exception <a 'java/lang/reflect/InvocationTargetException'{0x00000000c55094a8}> (0x00000000c55094a8) thrown at [c:/BuildAgent/work/5ff2f6c26000d570/src/hotspot/share/runtime/reflection.cpp, line 1246]

Events (10 events):
Event: 0.674 loading class com/intellij/rt/execution/testFrameworks/AbstractExpectedPatterns done
Event: 0.675 loading class java/util/regex/Pattern$SliceI
Event: 0.675 loading class java/util/regex/Pattern$SliceI done
Event: 0.680 loading class com/intellij/rt/execution/junit/ComparisonFailureData
Event: 0.680 loading class com/intellij/rt/execution/junit/ComparisonFailureData done
Event: 0.692 loading class java/util/regex/Pattern$BnM
Event: 0.692 loading class java/util/regex/Pattern$BnM done
Event: 0.750 Executing VM operation: G1CollectForAllocation
Event: 0.761 Executing VM operation: G1CollectForAllocation done
Event: 0.761 Executing VM operation: G1CollectForAllocation


Dynamic libraries:
0x000000013fb50000 - 0x000000013fb97000 	C:\Program Files\IntelliJ IDEA 2019.2.4\jbr\bin\java.exe
0x0000000077280000 - 0x000000007741f000 	C:\Windows\SYSTEM32\ntdll.dll
0x000007fef10a0000 - 0x000007fef10b4000 	C:\Program Files\AVAST Software\Avast\aswhook.dll
0x0000000077160000 - 0x000000007727f000 	C:\Windows\system32\kernel32.dll
0x000007fefd110000 - 0x000007fefd177000 	C:\Windows\system32\KERNELBASE.dll
0x0000000077060000 - 0x000000007715a000 	C:\Windows\system32\USER32.dll
0x000007fefd560000 - 0x000007fefd5c7000 	C:\Windows\system32\GDI32.dll
0x000007fefd3a0000 - 0x000007fefd3ae000 	C:\Windows\system32\LPK.dll
0x000007fefd2d0000 - 0x000007fefd39b000 	C:\Windows\system32\USP10.dll
0x000007fefd5d0000 - 0x000007fefd66f000 	C:\Windows\system32\msvcrt.dll
0x000007fefb7f0000 - 0x000007fefb9e5000 	C:\Windows\WinSxS\amd64_microsoft.windows.common-controls_6595b64144ccf1df_6.0.7601.24483_none_e372d88f30fbb845\COMCTL32.dll
0x000007fefd910000 - 0x000007fefd981000 	C:\Windows\system32\SHLWAPI.dll
0x000007fefe0b0000 - 0x000007fefe0de000 	C:\Windows\system32\IMM32.DLL
0x000007feff0d0000 - 0x000007feff1db000 	C:\Windows\system32\MSCTF.dll
0x000007fef5500000 - 0x000007fef5503000 	C:\Windows\system32\api-ms-win-core-synch-l1-2-0.DLL
0x000007fef9d20000 - 0x000007fef9d37000 	C:\Program Files\IntelliJ IDEA 2019.2.4\jbr\bin\vcruntime140.dll
0x000007fef9360000 - 0x000007fef9364000 	C:\Program Files\IntelliJ IDEA 2019.2.4\jbr\bin\api-ms-win-crt-runtime-l1-1-0.dll
0x000007fee6ec0000 - 0x000007fee6fba000 	C:\Program Files\IntelliJ IDEA 2019.2.4\jbr\bin\ucrtbase.DLL
0x000007fefa7e0000 - 0x000007fefa7e3000 	C:\Program Files\IntelliJ IDEA 2019.2.4\jbr\bin\api-ms-win-core-localization-l1-2-0.dll
0x000007fef8160000 - 0x000007fef8163000 	C:\Program Files\IntelliJ IDEA 2019.2.4\jbr\bin\api-ms-win-core-processthreads-l1-1-1.dll
0x000007fef7f50000 - 0x000007fef7f53000 	C:\Program Files\IntelliJ IDEA 2019.2.4\jbr\bin\api-ms-win-core-file-l1-2-0.dll
0x000007fef4220000 - 0x000007fef4223000 	C:\Program Files\IntelliJ IDEA 2019.2.4\jbr\bin\api-ms-win-core-timezone-l1-1-0.dll
0x000007fef4210000 - 0x000007fef4213000 	C:\Program Files\IntelliJ IDEA 2019.2.4\jbr\bin\api-ms-win-core-file-l2-1-0.dll
0x000007fef4200000 - 0x000007fef4204000 	C:\Program Files\IntelliJ IDEA 2019.2.4\jbr\bin\api-ms-win-crt-string-l1-1-0.dll
0x000007fef41f0000 - 0x000007fef41f3000 	C:\Program Files\IntelliJ IDEA 2019.2.4\jbr\bin\api-ms-win-crt-heap-l1-1-0.dll
0x000007fef41e0000 - 0x000007fef41e4000 	C:\Program Files\IntelliJ IDEA 2019.2.4\jbr\bin\api-ms-win-crt-stdio-l1-1-0.dll
0x000007fef41d0000 - 0x000007fef41d4000 	C:\Program Files\IntelliJ IDEA 2019.2.4\jbr\bin\api-ms-win-crt-convert-l1-1-0.dll
0x000007fee8ab0000 - 0x000007fee8b4d000 	C:\Program Files\IntelliJ IDEA 2019.2.4\jbr\bin\msvcp140.dll
0x000007fef41c0000 - 0x000007fef41c3000 	C:\Program Files\IntelliJ IDEA 2019.2.4\jbr\bin\api-ms-win-crt-locale-l1-1-0.dll
0x000007fef4140000 - 0x000007fef4145000 	C:\Program Files\IntelliJ IDEA 2019.2.4\jbr\bin\api-ms-win-crt-math-l1-1-0.dll
0x000007fef4130000 - 0x000007fef4135000 	C:\Program Files\IntelliJ IDEA 2019.2.4\jbr\bin\api-ms-win-crt-multibyte-l1-1-0.dll
0x000007fef4120000 - 0x000007fef4123000 	C:\Program Files\IntelliJ IDEA 2019.2.4\jbr\bin\api-ms-win-crt-time-l1-1-0.dll
0x000007fef4110000 - 0x000007fef4113000 	C:\Program Files\IntelliJ IDEA 2019.2.4\jbr\bin\api-ms-win-crt-filesystem-l1-1-0.dll
0x000007fef4100000 - 0x000007fef4103000 	C:\Program Files\IntelliJ IDEA 2019.2.4\jbr\bin\api-ms-win-crt-environment-l1-1-0.dll
0x000007fef3f30000 - 0x000007fef3f33000 	C:\Program Files\IntelliJ IDEA 2019.2.4\jbr\bin\api-ms-win-crt-utility-l1-1-0.dll
0x000007fed3780000 - 0x000007fed4238000 	C:\Program Files\IntelliJ IDEA 2019.2.4\jbr\bin\server\jvm.dll
0x000007fefdfd0000 - 0x000007fefe0ab000 	C:\Windows\system32\ADVAPI32.dll
0x000007feff550000 - 0x000007feff56f000 	C:\Windows\SYSTEM32\sechost.dll
0x000007fefd3b0000 - 0x000007fefd4dc000 	C:\Windows\system32\RPCRT4.dll
0x000007fef96b0000 - 0x000007fef96b9000 	C:\Windows\system32\WSOCK32.dll
0x000007feff080000 - 0x000007feff0cd000 	C:\Windows\system32\WS2_32.dll
0x000007fefee70000 - 0x000007fefee78000 	C:\Windows\system32\NSI.dll
0x000007fefad00000 - 0x000007fefad3b000 	C:\Windows\system32\WINMM.dll
0x000007fefbeb0000 - 0x000007fefbebc000 	C:\Windows\system32\VERSION.dll
0x0000000077430000 - 0x0000000077437000 	C:\Windows\system32\PSAPI.DLL
0x000007fef86a0000 - 0x000007fef86b1000 	C:\Program Files\IntelliJ IDEA 2019.2.4\jbr\bin\verify.dll
0x000007fef7d50000 - 0x000007fef7e75000 	C:\Windows\system32\DBGHELP.DLL
0x000007fef85c0000 - 0x000007fef85e9000 	C:\Program Files\IntelliJ IDEA 2019.2.4\jbr\bin\java.dll
0x000007fef37a0000 - 0x000007fef37d4000 	C:\Program Files\IntelliJ IDEA 2019.2.4\jbr\bin\instrument.dll
0x000007fef8580000 - 0x000007fef8597000 	C:\Program Files\IntelliJ IDEA 2019.2.4\jbr\bin\zip.dll
0x000007fef8690000 - 0x000007fef869b000 	C:\Program Files\IntelliJ IDEA 2019.2.4\jbr\bin\jimage.dll
0x000007fefe0e0000 - 0x000007fefee6b000 	C:\Windows\system32\SHELL32.dll
0x000007fefee80000 - 0x000007feff07f000 	C:\Windows\system32\ole32.dll
0x000007fefcdd0000 - 0x000007fefcddf000 	C:\Windows\system32\profapi.dll
0x000007fef8500000 - 0x000007fef851a000 	C:\Program Files\IntelliJ IDEA 2019.2.4\jbr\bin\net.dll
0x000007fef8250000 - 0x000007fef82c1000 	C:\Windows\system32\WINHTTP.dll
0x000007fef81e0000 - 0x000007fef8245000 	C:\Windows\system32\webio.dll
0x000007fefde40000 - 0x000007fefdfca000 	C:\Windows\system32\urlmon.dll
0x000007fefce80000 - 0x000007fefce84000 	C:\Windows\system32\api-ms-win-downlevel-ole32-l1-1-0.dll
0x000007fefd180000 - 0x000007fefd184000 	C:\Windows\system32\api-ms-win-downlevel-shlwapi-l1-1-0.dll
0x000007fefce90000 - 0x000007fefce95000 	C:\Windows\system32\api-ms-win-downlevel-advapi32-l1-1-0.dll
0x000007fefce60000 - 0x000007fefce64000 	C:\Windows\system32\api-ms-win-downlevel-user32-l1-1-0.dll
0x000007fefce70000 - 0x000007fefce74000 	C:\Windows\system32\api-ms-win-downlevel-version-l1-1-0.dll
0x000007fefcdf0000 - 0x000007fefcdf3000 	C:\Windows\system32\api-ms-win-downlevel-normaliz-l1-1-0.dll
0x0000000077420000 - 0x0000000077423000 	C:\Windows\system32\normaliz.DLL
0x000007feff1e0000 - 0x000007feff4ac000 	C:\Windows\system32\iertutil.dll
0x000007fefd990000 - 0x000007fefde3c000 	C:\Windows\system32\WININET.dll
0x000007fefce00000 - 0x000007fefce1f000 	C:\Windows\system32\USERENV.dll
0x000007fefc510000 - 0x000007fefc565000 	C:\Windows\system32\mswsock.dll
0x000007fefc500000 - 0x000007fefc507000 	C:\Windows\System32\wship6.dll
0x000007fef80b0000 - 0x000007fef80c4000 	C:\Program Files\IntelliJ IDEA 2019.2.4\jbr\bin\nio.dll
0x000007fef3f10000 - 0x000007fef3f2a000 	C:\Program Files\IntelliJ IDEA 2019.2.4\bin\breakgen64.dll

dbghelp: loaded successfully - version: 4.0.5 - missing functions: none
symbol engine: initialized successfully - sym options: 0x614 - pdb path: .;C:\Program Files\IntelliJ IDEA 2019.2.4\jbr\bin;C:\Windows\SYSTEM32;C:\Program Files\AVAST Software\Avast;C:\Windows\WinSxS\amd64_microsoft.windows.common-controls_6595b64144ccf1df_6.0.7601.24483_none_e372d88f30fbb845;C:\Program Files\IntelliJ IDEA 2019.2.4\jbr\bin\server;C:\Program Files\IntelliJ IDEA 2019.2.4\bin

VM Arguments:
jvm_args: -ea -Didea.test.cyclic.buffer.size=1048576 -javaagent:C:\Program Files\IntelliJ IDEA 2019.2.4\lib\idea_rt.jar=57193:C:\Program Files\IntelliJ IDEA 2019.2.4\bin -Dfile.encoding=UTF-8 
java_command: com.intellij.rt.execution.junit.JUnitStarter -ideVersion5 -junit4 core.basesyntax.MyHashMapTest
java_class_path (initial): C:\Program Files\IntelliJ IDEA 2019.2.4\lib\idea_rt.jar;C:\Program Files\IntelliJ IDEA 2019.2.4\plugins\junit\lib\junit-rt.jar;C:\Program Files\IntelliJ IDEA 2019.2.4\plugins\junit\lib\junit5-rt.jar;C:\Users\MrNopi\MateAcademy\Projects\jv-hash-map\target\test-classes;C:\Users\MrNopi\MateAcademy\Projects\jv-hash-map\target\classes;C:\Users\MrNopi\.m2\repository\junit\junit\4.12\junit-4.12.jar;C:\Users\MrNopi\.m2\repository\org\hamcrest\hamcrest-core\1.3\hamcrest-core-1.3.jar
Launcher Type: SUN_STANDARD

[Global flags]
     intx CICompilerCount                          = 3                                         {product} {ergonomic}
     uint ConcGCThreads                            = 1                                         {product} {ergonomic}
     uint G1ConcRefinementThreads                  = 4                                         {product} {ergonomic}
   size_t G1HeapRegionSize                         = 1048576                                   {product} {ergonomic}
    uintx GCDrainStackTargetSize                   = 64                                        {product} {ergonomic}
   size_t InitialHeapSize                          = 67108864                                  {product} {ergonomic}
   size_t MarkStackSize                            = 4194304                                   {product} {ergonomic}
   size_t MaxHeapSize                              = 1044381696                                {product} {ergonomic}
   size_t MaxNewSize                               = 625999872                                 {product} {ergonomic}
   size_t MinHeapDeltaBytes                        = 1048576                                   {product} {ergonomic}
    uintx NonNMethodCodeHeapSize                   = 5830092                                {pd product} {ergonomic}
    uintx NonProfiledCodeHeapSize                  = 122914074                              {pd product} {ergonomic}
    uintx ProfiledCodeHeapSize                     = 122914074                              {pd product} {ergonomic}
    uintx ReservedCodeCacheSize                    = 251658240                              {pd product} {ergonomic}
     bool SegmentedCodeCache                       = true                                      {product} {ergonomic}
     bool UseCompressedClassPointers               = true                                 {lp64_product} {ergonomic}
     bool UseCompressedOops                        = true                                 {lp64_product} {ergonomic}
     bool UseG1GC                                  = true                                      {product} {ergonomic}
     bool UseLargePagesIndividualAllocation        = false                                  {pd product} {ergonomic}

Logging:
Log output configuration:
 #0: stdout all=warning uptime,level,tags
 #1: stderr all=off uptime,level,tags

Environment Variables:
JAVA_HOME=C:\Program Files\IntelliJ IDEA 2019.2.4\jbr
PATH=C:\Windows\system32;C:\Windows;C:\Windows\System32\Wbem;C:\Windows\System32\WindowsPowerShell\v1.0\;C:\Program Files\Intel\WiFi\bin\;C:\Program Files\Common Files\Intel\WirelessCommon\; C:\Program Files\IntelliJ IDEA 2019.2.4\apache-maven-3.6.3\bin;C:\Program Files\Intel\WiFi\bin\;C:\Program Files\Common Files\Intel\WirelessCommon\;C:\Program Files\IntelliJ IDEA 2019.2.4\bin;C:\Program Files\IntelliJ IDEA 2019.2.4\apache-maven-3.6.3\bin;C:\Users\MrNopi\AppData\Local\GitHubDesktop\bin;C:\Users\MrNopi\AppData\Local\GitHubDesktop\app-2.2.3\resources\app\git\mingw64\bin
USERNAME=MrNopi
OS=Windows_NT
PROCESSOR_IDENTIFIER=Intel64 Family 6 Model 58 Stepping 9, GenuineIntel



---------------  S Y S T E M  ---------------

OS: Windows 7 , 64 bit Build 7601 (6.1.7601.24535)

CPU:total 4 (initial active 4) (2 cores per cpu, 2 threads per core) family 6 model 58 stepping 9, cmov, cx8, fxsr, mmx, sse, sse2, sse3, ssse3, sse4.1, sse4.2, popcnt, avx, aes, clmul, erms, ht, tsc, tscinvbit, tscinv

Memory: 4k page, system-wide physical 3981M (86M free)
TotalPageFile size 8958M (AvailPageFile size 928M)
current process WorkingSet (physical memory assigned to process): 59M, peak: 59M
current process commit charge ("private bytes"): 145M, peak: 1077M

vm_info: OpenJDK 64-Bit Server VM (11.0.4+10-b304.77) for windows-amd64 JRE (11.0.4+10-b304.77), built on Oct 10 2019 15:02:36 by "" with MS VC++ 14.0 (VS2015)

END.
